2018-04-25 17:14:54.847 [ restartedMain ] - [ INFO  ] [ com.running.coins.RunningclubApplication : 50 ] - Starting RunningclubApplication on DESKTOP-0G0JL5H with PID 15596 (D:\IntellijIDEAWorkSpace\runningcoin\running_coin\backend\target\classes started by guxiang in D:\IntellijIDEAWorkSpace\runningcoin\running_coin\backend)
2018-04-25 17:14:54.880 [ restartedMain ] - [ INFO  ] [ com.running.coins.RunningclubApplication : 659 ] - No active profile set, falling back to default profiles: default
2018-04-25 17:15:06.006 [ restartedMain ] - [ INFO  ] [ org.apache.coyote.http11.Http11NioProtocol : 180 ] - Initializing ProtocolHandler ["https-jsse-nio-443"]
2018-04-25 17:15:06.051 [ restartedMain ] - [ INFO  ] [ org.apache.catalina.core.StandardService : 180 ] - Starting service [Tomcat]
2018-04-25 17:15:06.053 [ restartedMain ] - [ INFO  ] [ org.apache.catalina.core.StandardEngine : 180 ] - Starting Servlet Engine: Apache Tomcat/8.5.29
2018-04-25 17:15:06.065 [ localhost-startStop-1 ] - [ INFO  ] [ org.apache.catalina.core.AprLifecycleListener : 180 ] - The APR based Apache Tomcat Native library which allows optimal performance in production environments was not found on the java.library.path: [C:\Program Files\Java\jdk1.8.0_144\bin;C:\Windows\Sun\Java\bin;C:\Windows\system32;C:\Windows;D:\dev\oracle\product\10.2.0\client_1\bin;C:\Program Files\Docker\Docker\Resources\bin;C:\Windows\system32;C:\Windows;C:\Windows\System32\Wbem;C:\Windows\System32\WindowsPowerShell\v1.0\;D:\st;C:\Program Files\Java\jdk1.8.0_144\bin;D:\serversoftware\apache-maven-3.3.9-bin\apache-maven-3.3.9\bin;C:\Program Files (x86)\MySQL\MySQL Server 5.5\bin;D:\serversoftware\node-v4.8.4-win-x64;C:\Program Files (x86)\NVIDIA Corporation\PhysX\Common;C:\Program Files\MySQL\MySQL Utilities 1.6\;C:\Program Files\MySQL\MySQL Server 5.7\bin;C:\Users\guxiang\AppData\Roaming\npm;C:\Program Files (x86)\Microsoft SQL Server\100\Tools\Binn\;C:\Program Files\Microsoft SQL Server\100\Tools\Binn\;C:\Program Files\Microsoft SQL Server\100\DTS\Binn\;C:\Program Files (x86)\Microsoft SQL Server\100\Tools\Binn\VSShell\Common7\IDE\;C:\Program Files (x86)\Microsoft Visual Studio 9.0\Common7\IDE\PrivateAssemblies\;C:\Program Files (x86)\Microsoft SQL Server\100\DTS\Binn\;D:\PostgreSQL\pg95\bin;D:\serversoftware\gradle4.2\gradle-4.2-rc-2\bin;D:\serversoftware\mongodb-win32-x86_64-2.4.3\bin;D:\dev\Docker Toolbox;D:\serversoftware\Python27;D:\dev\Rational\common;D:\dev\Yarn\bin;C:\Program Files\Java\jdk1.8.0_144\bin;C:\ProgramData\Oracle\Java\javapath;D:\dev\Git\cmd;D:\serversoftware\Python27\Scripts;D:\dev\opencvdev\opencv3.2\opencv\build\bin;D:\dev\CMake\bin;C:\Users\guxiang\Downloads\Compressed\STOP_jump_win;D:\serversoftware\Anaconda3;D:\serversoftware\Anaconda3\Scripts;D:\serversoftware\Python35;C:\ProgramData\chocolatey\bin;D:\dev\nodejs\;D:\dev\oracle\product\10.2.0\client_1\;C:\Users\guxiang\AppData\Local\Microsoft\WindowsApps;C:\Users\guxiang\AppData\Local\Programs\Fiddler;C:\Users\guxiang\AppData\Local\Yarn\bin;D:\dev\Docker Toolbox;D:\dev\Fiddler;C:\Users\guxiang\AppData\Roaming\npm;D:\dev\Microsoft VS Code\bin;.]
2018-04-25 17:15:06.510 [ localhost-startStop-1 ] - [ INFO  ] [ o.a.c.core.ContainerBase.[Tomcat].[localhost].[/] : 180 ] - Initializing Spring embedded WebApplicationContext
2018-04-25 17:15:19.722 [ restartedMain ] - [ INFO  ] [ com.zaxxer.hikari.HikariDataSource : 110 ] - HikariPool-1 - Starting...
2018-04-25 17:15:20.318 [ restartedMain ] - [ INFO  ] [ com.zaxxer.hikari.HikariDataSource : 123 ] - HikariPool-1 - Start completed.
2018-04-25 17:15:20.520 [ restartedMain ] - [ INFO  ] [ org.quartz.impl.StdSchedulerFactory : 1208 ] - Using default implementation for ThreadExecutor
2018-04-25 17:15:20.658 [ restartedMain ] - [ INFO  ] [ org.quartz.core.SchedulerSignalerImpl : 61 ] - Initialized Scheduler Signaller of type: class org.quartz.core.SchedulerSignalerImpl
2018-04-25 17:15:20.659 [ restartedMain ] - [ INFO  ] [ org.quartz.core.QuartzScheduler : 229 ] - Quartz Scheduler v.2.3.0 created.
2018-04-25 17:15:20.665 [ restartedMain ] - [ INFO  ] [ org.quartz.simpl.RAMJobStore : 155 ] - RAMJobStore initialized.
2018-04-25 17:15:20.669 [ restartedMain ] - [ INFO  ] [ org.quartz.core.QuartzScheduler : 294 ] - Scheduler meta-data: Quartz Scheduler (v2.3.0) 'quartzScheduler' with instanceId 'NON_CLUSTERED'
  Scheduler class: 'org.quartz.core.QuartzScheduler' - running locally.
  NOT STARTED.
  Currently in standby mode.
  Number of jobs executed: 0
  Using thread pool 'org.quartz.simpl.SimpleThreadPool' - with 10 threads.
  Using job-store 'org.quartz.simpl.RAMJobStore' - which does not support persistence. and is not clustered.

2018-04-25 17:15:20.670 [ restartedMain ] - [ INFO  ] [ org.quartz.impl.StdSchedulerFactory : 1362 ] - Quartz scheduler 'quartzScheduler' initialized from an externally provided properties instance.
2018-04-25 17:15:20.671 [ restartedMain ] - [ INFO  ] [ org.quartz.impl.StdSchedulerFactory : 1366 ] - Quartz scheduler version: 2.3.0
2018-04-25 17:15:20.672 [ restartedMain ] - [ INFO  ] [ org.quartz.core.QuartzScheduler : 2287 ] - JobFactory set to: org.springframework.boot.autoconfigure.quartz.AutowireCapableBeanJobFactory@228704ff
2018-04-25 17:15:21.517 [ restartedMain ] - [ INFO  ] [ org.quartz.core.QuartzScheduler : 547 ] - Scheduler quartzScheduler_$_NON_CLUSTERED started.
2018-04-25 17:15:21.572 [ restartedMain ] - [ INFO  ] [ s.d.s.web.plugins.DocumentationPluginsBootstrapper : 80 ] - Context refreshed
2018-04-25 17:15:21.646 [ restartedMain ] - [ INFO  ] [ s.d.s.web.plugins.DocumentationPluginsBootstrapper : 83 ] - Found {0} custom documentation plugin(s)
2018-04-25 17:15:21.760 [ restartedMain ] - [ INFO  ] [ s.d.spring.web.scanners.ApiListingReferenceScanner : 53 ] - Scanning for api listing references
2018-04-25 17:15:21.789 [ restartedMain ] - [ INFO  ] [ s.d.s.web.ClassOrApiAnnotationResourceGrouping : 100 ] - Group for method getEveryoneWeeklyReport was front-controller
2018-04-25 17:15:21.795 [ restartedMain ] - [ INFO  ] [ s.d.spring.web.scanners.ApiListingReferenceScanner : 72 ] - Request mapping: getEveryoneWeeklyReport belongs to groups: [[ResourceGroup{groupName='front-controller', position=0, controller=com.running.coins.controller.FrontController}]] 
2018-04-25 17:15:21.798 [ restartedMain ] - [ INFO  ] [ s.d.s.web.ClassOrApiAnnotationResourceGrouping : 100 ] - Group for method userJoin was front-controller
2018-04-25 17:15:21.799 [ restartedMain ] - [ INFO  ] [ s.d.spring.web.scanners.ApiListingReferenceScanner : 72 ] - Request mapping: userJoin belongs to groups: [[ResourceGroup{groupName='front-controller', position=0, controller=com.running.coins.controller.FrontController}]] 
2018-04-25 17:15:21.801 [ restartedMain ] - [ INFO  ] [ s.d.s.web.ClassOrApiAnnotationResourceGrouping : 100 ] - Group for method getUserWeeklyReport was front-controller
2018-04-25 17:15:21.802 [ restartedMain ] - [ INFO  ] [ s.d.spring.web.scanners.ApiListingReferenceScanner : 72 ] - Request mapping: getUserWeeklyReport belongs to groups: [[ResourceGroup{groupName='front-controller', position=0, controller=com.running.coins.controller.FrontController}]] 
2018-04-25 17:15:21.805 [ restartedMain ] - [ INFO  ] [ s.d.s.web.ClassOrApiAnnotationResourceGrouping : 100 ] - Group for method submitRecord was running-controller
2018-04-25 17:15:21.806 [ restartedMain ] - [ INFO  ] [ s.d.spring.web.scanners.ApiListingReferenceScanner : 72 ] - Request mapping: submitRecord belongs to groups: [[ResourceGroup{groupName='running-controller', position=0, controller=com.running.coins.controller.RunningController}]] 
2018-04-25 17:15:21.807 [ restartedMain ] - [ INFO  ] [ s.d.s.web.ClassOrApiAnnotationResourceGrouping : 100 ] - Group for method submitTarget was running-controller
2018-04-25 17:15:21.809 [ restartedMain ] - [ INFO  ] [ s.d.spring.web.scanners.ApiListingReferenceScanner : 72 ] - Request mapping: submitTarget belongs to groups: [[ResourceGroup{groupName='running-controller', position=0, controller=com.running.coins.controller.RunningController}]] 
2018-04-25 17:15:21.811 [ restartedMain ] - [ INFO  ] [ s.d.s.web.ClassOrApiAnnotationResourceGrouping : 100 ] - Group for method vote was vote-controller
2018-04-25 17:15:21.812 [ restartedMain ] - [ INFO  ] [ s.d.spring.web.scanners.ApiListingReferenceScanner : 72 ] - Request mapping: vote belongs to groups: [[ResourceGroup{groupName='vote-controller', position=0, controller=com.running.coins.controller.VoteController}]] 
2018-04-25 17:15:21.855 [ restartedMain ] - [ INFO  ] [ s.d.spring.web.scanners.ApiListingReferenceScanner : 84 ] - Created resource listing Path: /default/vote-controller Description: vote-controller Position: 0
2018-04-25 17:15:21.859 [ restartedMain ] - [ INFO  ] [ s.d.spring.web.scanners.ApiListingReferenceScanner : 84 ] - Created resource listing Path: /default/front-controller Description: front-controller Position: 0
2018-04-25 17:15:21.860 [ restartedMain ] - [ INFO  ] [ s.d.spring.web.scanners.ApiListingReferenceScanner : 84 ] - Created resource listing Path: /default/running-controller Description: running-controller Position: 0
2018-04-25 17:15:21.959 [ restartedMain ] - [ INFO  ] [ s.documentation.schema.ModelContextKeyGenerator : 46 ] - Cache Key Generated: com.running.coins.model.request.WeeklyReportRequest(false)
2018-04-25 17:15:21.960 [ restartedMain ] - [ INFO  ] [ s.documentation.spring.web.caching.CachingAspect : 79 ] - Caching aspect applied for cache models with key com.running.coins.model.request.WeeklyReportRequest(false)
2018-04-25 17:15:22.017 [ restartedMain ] - [ INFO  ] [ s.d.schema.property.ModelPropertiesKeyGenerator : 48 ] - Cache key generated: com.running.coins.model.request.WeeklyReportRequest(false)
2018-04-25 17:15:22.018 [ restartedMain ] - [ INFO  ] [ s.documentation.spring.web.caching.CachingAspect : 68 ] - Caching aspect applied for cache modelProperties with key com.running.coins.model.request.WeeklyReportRequest(false)
2018-04-25 17:15:22.168 [ restartedMain ] - [ INFO  ] [ s.documentation.schema.ModelContextKeyGenerator : 46 ] - Cache Key Generated: com.running.coins.model.request.WeeklyReportRequest(false)
2018-04-25 17:15:22.169 [ restartedMain ] - [ INFO  ] [ s.documentation.spring.web.caching.CachingAspect : 79 ] - Caching aspect applied for cache modelDependencies with key com.running.coins.model.request.WeeklyReportRequest(false)
2018-04-25 17:15:22.179 [ restartedMain ] - [ INFO  ] [ s.d.schema.property.ModelPropertiesKeyGenerator : 48 ] - Cache key generated: com.running.coins.model.request.WeeklyReportRequest(false)
2018-04-25 17:15:22.180 [ restartedMain ] - [ INFO  ] [ s.documentation.spring.web.caching.CachingAspect : 68 ] - Caching aspect applied for cache modelProperties with key com.running.coins.model.request.WeeklyReportRequest(false)
2018-04-25 17:15:22.186 [ restartedMain ] - [ INFO  ] [ s.documentation.schema.ModelContextKeyGenerator : 46 ] - Cache Key Generated: com.running.coins.model.response.ResponseMessage(true)
2018-04-25 17:15:22.186 [ restartedMain ] - [ INFO  ] [ s.documentation.spring.web.caching.CachingAspect : 79 ] - Caching aspect applied for cache models with key com.running.coins.model.response.ResponseMessage(true)
2018-04-25 17:15:22.187 [ restartedMain ] - [ INFO  ] [ s.d.schema.property.ModelPropertiesKeyGenerator : 48 ] - Cache key generated: com.running.coins.model.response.ResponseMessage(true)
2018-04-25 17:15:22.188 [ restartedMain ] - [ INFO  ] [ s.documentation.spring.web.caching.CachingAspect : 68 ] - Caching aspect applied for cache modelProperties with key com.running.coins.model.response.ResponseMessage(true)
2018-04-25 17:15:22.206 [ restartedMain ] - [ INFO  ] [ s.documentation.schema.ModelContextKeyGenerator : 46 ] - Cache Key Generated: com.running.coins.model.response.ResponseMessage(true)
2018-04-25 17:15:22.207 [ restartedMain ] - [ INFO  ] [ s.documentation.spring.web.caching.CachingAspect : 79 ] - Caching aspect applied for cache modelDependencies with key com.running.coins.model.response.ResponseMessage(true)
2018-04-25 17:15:22.209 [ restartedMain ] - [ INFO  ] [ s.d.schema.property.ModelPropertiesKeyGenerator : 48 ] - Cache key generated: com.running.coins.model.response.ResponseMessage(true)
2018-04-25 17:15:22.210 [ restartedMain ] - [ INFO  ] [ s.documentation.spring.web.caching.CachingAspect : 68 ] - Caching aspect applied for cache modelProperties with key com.running.coins.model.response.ResponseMessage(true)
2018-04-25 17:15:22.213 [ restartedMain ] - [ INFO  ] [ s.documentation.spring.web.OperationsKeyGenerator : 51 ] - Cache key generated: /front/everyone/weekly/report.com.running.coins.controller.FrontController.getEveryoneWeeklyReport.DefaultGenericTypeNamingStrategy
2018-04-25 17:15:22.214 [ restartedMain ] - [ INFO  ] [ s.documentation.spring.web.caching.CachingAspect : 68 ] - Caching aspect applied for cache operations with key /front/everyone/weekly/report.com.running.coins.controller.FrontController.getEveryoneWeeklyReport.DefaultGenericTypeNamingStrategy
2018-04-25 17:15:22.278 [ restartedMain ] - [ INFO  ] [ s.d.s.web.ClassOrApiAnnotationResourceGrouping : 100 ] - Group for method getEveryoneWeeklyReport was front-controller
2018-04-25 17:15:22.354 [ restartedMain ] - [ INFO  ] [ s.d.s.web.ClassOrApiAnnotationResourceGrouping : 100 ] - Group for method getEveryoneWeeklyReport was front-controller
2018-04-25 17:15:22.388 [ restartedMain ] - [ INFO  ] [ s.documentation.schema.ModelContextKeyGenerator : 46 ] - Cache Key Generated: com.running.coins.model.request.CurrentUserWeeklyReportRequest(false)
2018-04-25 17:15:22.389 [ restartedMain ] - [ INFO  ] [ s.documentation.spring.web.caching.CachingAspect : 79 ] - Caching aspect applied for cache models with key com.running.coins.model.request.CurrentUserWeeklyReportRequest(false)
2018-04-25 17:15:22.390 [ restartedMain ] - [ INFO  ] [ s.d.schema.property.ModelPropertiesKeyGenerator : 48 ] - Cache key generated: com.running.coins.model.request.CurrentUserWeeklyReportRequest(false)
2018-04-25 17:15:22.392 [ restartedMain ] - [ INFO  ] [ s.documentation.spring.web.caching.CachingAspect : 68 ] - Caching aspect applied for cache modelProperties with key com.running.coins.model.request.CurrentUserWeeklyReportRequest(false)
2018-04-25 17:15:22.396 [ restartedMain ] - [ INFO  ] [ s.documentation.schema.ModelContextKeyGenerator : 46 ] - Cache Key Generated: com.running.coins.model.request.CurrentUserWeeklyReportRequest(false)
2018-04-25 17:15:22.397 [ restartedMain ] - [ INFO  ] [ s.documentation.spring.web.caching.CachingAspect : 79 ] - Caching aspect applied for cache modelDependencies with key com.running.coins.model.request.CurrentUserWeeklyReportRequest(false)
2018-04-25 17:15:22.399 [ restartedMain ] - [ INFO  ] [ s.d.schema.property.ModelPropertiesKeyGenerator : 48 ] - Cache key generated: com.running.coins.model.request.CurrentUserWeeklyReportRequest(false)
2018-04-25 17:15:22.400 [ restartedMain ] - [ INFO  ] [ s.documentation.spring.web.caching.CachingAspect : 68 ] - Caching aspect applied for cache modelProperties with key com.running.coins.model.request.CurrentUserWeeklyReportRequest(false)
2018-04-25 17:15:22.402 [ restartedMain ] - [ INFO  ] [ s.documentation.schema.ModelContextKeyGenerator : 46 ] - Cache Key Generated: com.running.coins.model.response.ResponseMessage(true)
2018-04-25 17:15:22.403 [ restartedMain ] - [ INFO  ] [ s.documentation.spring.web.caching.CachingAspect : 79 ] - Caching aspect applied for cache models with key com.running.coins.model.response.ResponseMessage(true)
2018-04-25 17:15:22.405 [ restartedMain ] - [ INFO  ] [ s.documentation.schema.ModelContextKeyGenerator : 46 ] - Cache Key Generated: com.running.coins.model.response.ResponseMessage(true)
2018-04-25 17:15:22.406 [ restartedMain ] - [ INFO  ] [ s.documentation.spring.web.caching.CachingAspect : 79 ] - Caching aspect applied for cache modelDependencies with key com.running.coins.model.response.ResponseMessage(true)
2018-04-25 17:15:22.408 [ restartedMain ] - [ INFO  ] [ s.documentation.spring.web.OperationsKeyGenerator : 51 ] - Cache key generated: /front/user/weekly/report.com.running.coins.controller.FrontController.getUserWeeklyReport.DefaultGenericTypeNamingStrategy
2018-04-25 17:15:22.409 [ restartedMain ] - [ INFO  ] [ s.documentation.spring.web.caching.CachingAspect : 68 ] - Caching aspect applied for cache operations with key /front/user/weekly/report.com.running.coins.controller.FrontController.getUserWeeklyReport.DefaultGenericTypeNamingStrategy
2018-04-25 17:15:22.429 [ restartedMain ] - [ INFO  ] [ s.d.s.web.ClassOrApiAnnotationResourceGrouping : 100 ] - Group for method getUserWeeklyReport was front-controller
2018-04-25 17:15:22.438 [ restartedMain ] - [ INFO  ] [ s.d.s.web.ClassOrApiAnnotationResourceGrouping : 100 ] - Group for method getUserWeeklyReport was front-controller
2018-04-25 17:15:22.454 [ restartedMain ] - [ INFO  ] [ s.documentation.schema.ModelContextKeyGenerator : 46 ] - Cache Key Generated: com.running.coins.model.request.UserJoinRequest(false)
2018-04-25 17:15:22.455 [ restartedMain ] - [ INFO  ] [ s.documentation.spring.web.caching.CachingAspect : 79 ] - Caching aspect applied for cache models with key com.running.coins.model.request.UserJoinRequest(false)
2018-04-25 17:15:22.460 [ restartedMain ] - [ INFO  ] [ s.d.schema.property.ModelPropertiesKeyGenerator : 48 ] - Cache key generated: com.running.coins.model.request.UserJoinRequest(false)
2018-04-25 17:15:22.462 [ restartedMain ] - [ INFO  ] [ s.documentation.spring.web.caching.CachingAspect : 68 ] - Caching aspect applied for cache modelProperties with key com.running.coins.model.request.UserJoinRequest(false)
2018-04-25 17:15:22.470 [ restartedMain ] - [ INFO  ] [ s.documentation.schema.ModelContextKeyGenerator : 46 ] - Cache Key Generated: com.running.coins.model.request.UserJoinRequest(false)
2018-04-25 17:15:22.471 [ restartedMain ] - [ INFO  ] [ s.documentation.spring.web.caching.CachingAspect : 79 ] - Caching aspect applied for cache modelDependencies with key com.running.coins.model.request.UserJoinRequest(false)
2018-04-25 17:15:22.472 [ restartedMain ] - [ INFO  ] [ s.d.schema.property.ModelPropertiesKeyGenerator : 48 ] - Cache key generated: com.running.coins.model.request.UserJoinRequest(false)
2018-04-25 17:15:22.473 [ restartedMain ] - [ INFO  ] [ s.documentation.spring.web.caching.CachingAspect : 68 ] - Caching aspect applied for cache modelProperties with key com.running.coins.model.request.UserJoinRequest(false)
2018-04-25 17:15:22.474 [ restartedMain ] - [ INFO  ] [ s.documentation.schema.ModelContextKeyGenerator : 46 ] - Cache Key Generated: com.running.coins.model.response.ResponseMessage(true)
2018-04-25 17:15:22.475 [ restartedMain ] - [ INFO  ] [ s.documentation.spring.web.caching.CachingAspect : 79 ] - Caching aspect applied for cache models with key com.running.coins.model.response.ResponseMessage(true)
2018-04-25 17:15:22.476 [ restartedMain ] - [ INFO  ] [ s.documentation.schema.ModelContextKeyGenerator : 46 ] - Cache Key Generated: com.running.coins.model.response.ResponseMessage(true)
2018-04-25 17:15:22.477 [ restartedMain ] - [ INFO  ] [ s.documentation.spring.web.caching.CachingAspect : 79 ] - Caching aspect applied for cache modelDependencies with key com.running.coins.model.response.ResponseMessage(true)
2018-04-25 17:15:22.479 [ restartedMain ] - [ INFO  ] [ s.documentation.spring.web.OperationsKeyGenerator : 51 ] - Cache key generated: /front/user/join.com.running.coins.controller.FrontController.userJoin.DefaultGenericTypeNamingStrategy
2018-04-25 17:15:22.479 [ restartedMain ] - [ INFO  ] [ s.documentation.spring.web.caching.CachingAspect : 68 ] - Caching aspect applied for cache operations with key /front/user/join.com.running.coins.controller.FrontController.userJoin.DefaultGenericTypeNamingStrategy
2018-04-25 17:15:22.489 [ restartedMain ] - [ INFO  ] [ s.d.s.web.ClassOrApiAnnotationResourceGrouping : 100 ] - Group for method userJoin was front-controller
2018-04-25 17:15:22.514 [ restartedMain ] - [ INFO  ] [ s.d.s.web.ClassOrApiAnnotationResourceGrouping : 100 ] - Group for method userJoin was front-controller
2018-04-25 17:15:22.566 [ restartedMain ] - [ INFO  ] [ s.documentation.schema.ModelContextKeyGenerator : 46 ] - Cache Key Generated: com.running.coins.model.request.SubmitUserSportRecordRequest(false)
2018-04-25 17:15:22.567 [ restartedMain ] - [ INFO  ] [ s.documentation.spring.web.caching.CachingAspect : 79 ] - Caching aspect applied for cache models with key com.running.coins.model.request.SubmitUserSportRecordRequest(false)
2018-04-25 17:15:22.570 [ restartedMain ] - [ INFO  ] [ s.d.schema.property.ModelPropertiesKeyGenerator : 48 ] - Cache key generated: com.running.coins.model.request.SubmitUserSportRecordRequest(false)
2018-04-25 17:15:22.571 [ restartedMain ] - [ INFO  ] [ s.documentation.spring.web.caching.CachingAspect : 68 ] - Caching aspect applied for cache modelProperties with key com.running.coins.model.request.SubmitUserSportRecordRequest(false)
2018-04-25 17:15:22.580 [ restartedMain ] - [ INFO  ] [ s.documentation.schema.ModelContextKeyGenerator : 46 ] - Cache Key Generated: com.running.coins.model.request.SubmitUserSportRecordRequest(false)
2018-04-25 17:15:22.583 [ restartedMain ] - [ INFO  ] [ s.documentation.spring.web.caching.CachingAspect : 79 ] - Caching aspect applied for cache modelDependencies with key com.running.coins.model.request.SubmitUserSportRecordRequest(false)
2018-04-25 17:15:22.588 [ restartedMain ] - [ INFO  ] [ s.d.schema.property.ModelPropertiesKeyGenerator : 48 ] - Cache key generated: com.running.coins.model.request.SubmitUserSportRecordRequest(false)
2018-04-25 17:15:22.595 [ restartedMain ] - [ INFO  ] [ s.documentation.spring.web.caching.CachingAspect : 68 ] - Caching aspect applied for cache modelProperties with key com.running.coins.model.request.SubmitUserSportRecordRequest(false)
2018-04-25 17:15:22.597 [ restartedMain ] - [ INFO  ] [ s.documentation.schema.ModelContextKeyGenerator : 46 ] - Cache Key Generated: com.running.coins.model.response.ResponseMessage(true)
2018-04-25 17:15:22.603 [ restartedMain ] - [ INFO  ] [ s.documentation.spring.web.caching.CachingAspect : 79 ] - Caching aspect applied for cache models with key com.running.coins.model.response.ResponseMessage(true)
2018-04-25 17:15:22.606 [ restartedMain ] - [ INFO  ] [ s.documentation.schema.ModelContextKeyGenerator : 46 ] - Cache Key Generated: com.running.coins.model.response.ResponseMessage(true)
2018-04-25 17:15:22.607 [ restartedMain ] - [ INFO  ] [ s.documentation.spring.web.caching.CachingAspect : 79 ] - Caching aspect applied for cache modelDependencies with key com.running.coins.model.response.ResponseMessage(true)
2018-04-25 17:15:22.609 [ restartedMain ] - [ INFO  ] [ s.documentation.spring.web.OperationsKeyGenerator : 51 ] - Cache key generated: /submit/sport/record.com.running.coins.controller.RunningController.submitRecord.DefaultGenericTypeNamingStrategy
2018-04-25 17:15:22.609 [ restartedMain ] - [ INFO  ] [ s.documentation.spring.web.caching.CachingAspect : 68 ] - Caching aspect applied for cache operations with key /submit/sport/record.com.running.coins.controller.RunningController.submitRecord.DefaultGenericTypeNamingStrategy
2018-04-25 17:15:22.620 [ restartedMain ] - [ INFO  ] [ s.d.s.web.ClassOrApiAnnotationResourceGrouping : 100 ] - Group for method submitRecord was running-controller
2018-04-25 17:15:22.629 [ restartedMain ] - [ INFO  ] [ s.d.s.web.ClassOrApiAnnotationResourceGrouping : 100 ] - Group for method submitRecord was running-controller
2018-04-25 17:15:22.634 [ restartedMain ] - [ INFO  ] [ s.documentation.schema.ModelContextKeyGenerator : 46 ] - Cache Key Generated: com.running.coins.model.request.SubmitUserSportTargetRequest(false)
2018-04-25 17:15:22.635 [ restartedMain ] - [ INFO  ] [ s.documentation.spring.web.caching.CachingAspect : 79 ] - Caching aspect applied for cache models with key com.running.coins.model.request.SubmitUserSportTargetRequest(false)
2018-04-25 17:15:22.636 [ restartedMain ] - [ INFO  ] [ s.d.schema.property.ModelPropertiesKeyGenerator : 48 ] - Cache key generated: com.running.coins.model.request.SubmitUserSportTargetRequest(false)
2018-04-25 17:15:22.638 [ restartedMain ] - [ INFO  ] [ s.documentation.spring.web.caching.CachingAspect : 68 ] - Caching aspect applied for cache modelProperties with key com.running.coins.model.request.SubmitUserSportTargetRequest(false)
2018-04-25 17:15:22.647 [ restartedMain ] - [ INFO  ] [ s.documentation.schema.ModelContextKeyGenerator : 46 ] - Cache Key Generated: com.running.coins.model.request.SubmitUserSportTargetRequest(false)
2018-04-25 17:15:22.647 [ restartedMain ] - [ INFO  ] [ s.documentation.spring.web.caching.CachingAspect : 79 ] - Caching aspect applied for cache modelDependencies with key com.running.coins.model.request.SubmitUserSportTargetRequest(false)
2018-04-25 17:15:22.649 [ restartedMain ] - [ INFO  ] [ s.d.schema.property.ModelPropertiesKeyGenerator : 48 ] - Cache key generated: com.running.coins.model.request.SubmitUserSportTargetRequest(false)
2018-04-25 17:15:22.656 [ restartedMain ] - [ INFO  ] [ s.documentation.spring.web.caching.CachingAspect : 68 ] - Caching aspect applied for cache modelProperties with key com.running.coins.model.request.SubmitUserSportTargetRequest(false)
2018-04-25 17:15:22.658 [ restartedMain ] - [ INFO  ] [ s.documentation.schema.ModelContextKeyGenerator : 46 ] - Cache Key Generated: com.running.coins.model.response.ResponseMessage(true)
2018-04-25 17:15:22.659 [ restartedMain ] - [ INFO  ] [ s.documentation.spring.web.caching.CachingAspect : 79 ] - Caching aspect applied for cache models with key com.running.coins.model.response.ResponseMessage(true)
2018-04-25 17:15:22.663 [ restartedMain ] - [ INFO  ] [ s.documentation.schema.ModelContextKeyGenerator : 46 ] - Cache Key Generated: com.running.coins.model.response.ResponseMessage(true)
2018-04-25 17:15:22.663 [ restartedMain ] - [ INFO  ] [ s.documentation.spring.web.caching.CachingAspect : 79 ] - Caching aspect applied for cache modelDependencies with key com.running.coins.model.response.ResponseMessage(true)
2018-04-25 17:15:22.664 [ restartedMain ] - [ INFO  ] [ s.documentation.spring.web.OperationsKeyGenerator : 51 ] - Cache key generated: /submit/sport/target.com.running.coins.controller.RunningController.submitTarget.DefaultGenericTypeNamingStrategy
2018-04-25 17:15:22.665 [ restartedMain ] - [ INFO  ] [ s.documentation.spring.web.caching.CachingAspect : 68 ] - Caching aspect applied for cache operations with key /submit/sport/target.com.running.coins.controller.RunningController.submitTarget.DefaultGenericTypeNamingStrategy
2018-04-25 17:15:22.670 [ restartedMain ] - [ INFO  ] [ s.d.s.web.ClassOrApiAnnotationResourceGrouping : 100 ] - Group for method submitTarget was running-controller
2018-04-25 17:15:22.677 [ restartedMain ] - [ INFO  ] [ s.d.s.web.ClassOrApiAnnotationResourceGrouping : 100 ] - Group for method submitTarget was running-controller
2018-04-25 17:15:22.684 [ restartedMain ] - [ INFO  ] [ s.documentation.schema.ModelContextKeyGenerator : 46 ] - Cache Key Generated: com.running.coins.model.response.ResponseMessage(true)
2018-04-25 17:15:22.684 [ restartedMain ] - [ INFO  ] [ s.documentation.spring.web.caching.CachingAspect : 79 ] - Caching aspect applied for cache models with key com.running.coins.model.response.ResponseMessage(true)
2018-04-25 17:15:22.685 [ restartedMain ] - [ INFO  ] [ s.documentation.schema.ModelContextKeyGenerator : 46 ] - Cache Key Generated: com.running.coins.model.response.ResponseMessage(true)
2018-04-25 17:15:22.687 [ restartedMain ] - [ INFO  ] [ s.documentation.spring.web.caching.CachingAspect : 79 ] - Caching aspect applied for cache modelDependencies with key com.running.coins.model.response.ResponseMessage(true)
2018-04-25 17:15:22.690 [ restartedMain ] - [ INFO  ] [ s.documentation.schema.ModelContextKeyGenerator : 46 ] - Cache Key Generated: com.running.coins.model.request.VoteRequest(false)
2018-04-25 17:15:22.691 [ restartedMain ] - [ INFO  ] [ s.documentation.spring.web.caching.CachingAspect : 79 ] - Caching aspect applied for cache models with key com.running.coins.model.request.VoteRequest(false)
2018-04-25 17:15:22.710 [ restartedMain ] - [ INFO  ] [ s.d.schema.property.ModelPropertiesKeyGenerator : 48 ] - Cache key generated: com.running.coins.model.request.VoteRequest(false)
2018-04-25 17:15:22.713 [ restartedMain ] - [ INFO  ] [ s.documentation.spring.web.caching.CachingAspect : 68 ] - Caching aspect applied for cache modelProperties with key com.running.coins.model.request.VoteRequest(false)
2018-04-25 17:15:22.729 [ restartedMain ] - [ INFO  ] [ s.documentation.schema.ModelContextKeyGenerator : 46 ] - Cache Key Generated: com.running.coins.model.request.VoteRequest(false)
2018-04-25 17:15:22.731 [ restartedMain ] - [ INFO  ] [ s.documentation.spring.web.caching.CachingAspect : 79 ] - Caching aspect applied for cache modelDependencies with key com.running.coins.model.request.VoteRequest(false)
2018-04-25 17:15:22.733 [ restartedMain ] - [ INFO  ] [ s.d.schema.property.ModelPropertiesKeyGenerator : 48 ] - Cache key generated: com.running.coins.model.request.VoteRequest(false)
2018-04-25 17:15:22.734 [ restartedMain ] - [ INFO  ] [ s.documentation.spring.web.caching.CachingAspect : 68 ] - Caching aspect applied for cache modelProperties with key com.running.coins.model.request.VoteRequest(false)
2018-04-25 17:15:22.738 [ restartedMain ] - [ INFO  ] [ s.documentation.spring.web.OperationsKeyGenerator : 51 ] - Cache key generated: /vote.com.running.coins.controller.VoteController.vote.DefaultGenericTypeNamingStrategy
2018-04-25 17:15:22.742 [ restartedMain ] - [ INFO  ] [ s.documentation.spring.web.caching.CachingAspect : 68 ] - Caching aspect applied for cache operations with key /vote.com.running.coins.controller.VoteController.vote.DefaultGenericTypeNamingStrategy
2018-04-25 17:15:22.755 [ restartedMain ] - [ INFO  ] [ s.d.s.web.ClassOrApiAnnotationResourceGrouping : 100 ] - Group for method vote was vote-controller
2018-04-25 17:15:22.758 [ restartedMain ] - [ INFO  ] [ s.d.s.web.ClassOrApiAnnotationResourceGrouping : 100 ] - Group for method vote was vote-controller
2018-04-25 17:15:22.845 [ restartedMain ] - [ INFO  ] [ org.apache.coyote.http11.Http11NioProtocol : 180 ] - Starting ProtocolHandler ["https-jsse-nio-443"]
2018-04-25 17:15:25.608 [ restartedMain ] - [ INFO  ] [ org.apache.tomcat.util.net.NioSelectorPool : 180 ] - Using a shared selector for servlet write/read
2018-04-25 17:15:25.719 [ restartedMain ] - [ INFO  ] [ com.running.coins.RunningclubApplication : 59 ] - Started RunningclubApplication in 33.188 seconds (JVM running for 40.155)
2018-04-25 17:16:15.209 [ https-jsse-nio-443-exec-9 ] - [ INFO  ] [ org.apache.tomcat.util.http.parser.Cookie : 180 ] - A cookie header was received [1524498019,1524527461] that contained an invalid cookie. That cookie will be ignored.Note: further occurrences of this error will be logged at DEBUG level.
2018-04-25 17:16:15.234 [ https-jsse-nio-443-exec-9 ] - [ INFO  ] [ o.a.c.core.ContainerBase.[Tomcat].[localhost].[/] : 180 ] - Initializing Spring FrameworkServlet 'dispatcherServlet'
2018-04-25 17:21:51.894 [ HikariPool-1 housekeeper ] - [ WARN  ] [ com.zaxxer.hikari.pool.HikariPool : 756 ] - HikariPool-1 - Thread starvation or clock leap detected (housekeeper delta=1m1s456ms645µs130ns).
