2018-04-23 23:36:56.545 [ restartedMain ] - [ INFO  ] [ com.running.coins.RunningclubApplication : 50 ] - Starting RunningclubApplication on DESKTOP-0G0JL5H with PID 11936 (D:\IntellijIDEAWorkSpace\runningcoin\running_coin\backend\target\classes started by guxiang in D:\IntellijIDEAWorkSpace\runningcoin\running_coin\backend)
2018-04-23 23:36:56.557 [ restartedMain ] - [ INFO  ] [ com.running.coins.RunningclubApplication : 659 ] - No active profile set, falling back to default profiles: default
2018-04-23 23:36:59.209 [ restartedMain ] - [ INFO  ] [ org.apache.coyote.http11.Http11NioProtocol : 180 ] - Initializing ProtocolHandler ["https-jsse-nio-443"]
2018-04-23 23:36:59.222 [ restartedMain ] - [ INFO  ] [ org.apache.catalina.core.StandardService : 180 ] - Starting service [Tomcat]
2018-04-23 23:36:59.222 [ restartedMain ] - [ INFO  ] [ org.apache.catalina.core.StandardEngine : 180 ] - Starting Servlet Engine: Apache Tomcat/8.5.29
2018-04-23 23:36:59.227 [ localhost-startStop-1 ] - [ INFO  ] [ org.apache.catalina.core.AprLifecycleListener : 180 ] - The APR based Apache Tomcat Native library which allows optimal performance in production environments was not found on the java.library.path: [C:\Program Files\Java\jdk1.8.0_144\bin;C:\Windows\Sun\Java\bin;C:\Windows\system32;C:\Windows;D:\dev\oracle\product\10.2.0\client_1\bin;C:\Program Files\Docker\Docker\Resources\bin;C:\Windows\system32;C:\Windows;C:\Windows\System32\Wbem;C:\Windows\System32\WindowsPowerShell\v1.0\;D:\st;C:\Program Files\Java\jdk1.8.0_144\bin;D:\serversoftware\apache-maven-3.3.9-bin\apache-maven-3.3.9\bin;C:\Program Files (x86)\MySQL\MySQL Server 5.5\bin;D:\serversoftware\node-v4.8.4-win-x64;C:\Program Files (x86)\NVIDIA Corporation\PhysX\Common;C:\Program Files\MySQL\MySQL Utilities 1.6\;C:\Program Files\MySQL\MySQL Server 5.7\bin;C:\Users\guxiang\AppData\Roaming\npm;C:\Program Files (x86)\Microsoft SQL Server\100\Tools\Binn\;C:\Program Files\Microsoft SQL Server\100\Tools\Binn\;C:\Program Files\Microsoft SQL Server\100\DTS\Binn\;C:\Program Files (x86)\Microsoft SQL Server\100\Tools\Binn\VSShell\Common7\IDE\;C:\Program Files (x86)\Microsoft Visual Studio 9.0\Common7\IDE\PrivateAssemblies\;C:\Program Files (x86)\Microsoft SQL Server\100\DTS\Binn\;D:\PostgreSQL\pg95\bin;D:\serversoftware\gradle4.2\gradle-4.2-rc-2\bin;D:\serversoftware\mongodb-win32-x86_64-2.4.3\bin;D:\dev\Docker Toolbox;D:\serversoftware\Python27;D:\dev\Rational\common;D:\dev\Yarn\bin;C:\Program Files\Java\jdk1.8.0_144\bin;C:\ProgramData\Oracle\Java\javapath;D:\dev\Git\cmd;D:\serversoftware\Python27\Scripts;D:\dev\opencvdev\opencv3.2\opencv\build\bin;D:\dev\CMake\bin;C:\Users\guxiang\Downloads\Compressed\STOP_jump_win;D:\serversoftware\Anaconda3;D:\serversoftware\Anaconda3\Scripts;D:\serversoftware\Python35;C:\ProgramData\chocolatey\bin;D:\dev\nodejs\;D:\dev\oracle\product\10.2.0\client_1\;C:\Users\guxiang\AppData\Local\Microsoft\WindowsApps;C:\Users\guxiang\AppData\Local\Programs\Fiddler;C:\Users\guxiang\AppData\Local\Yarn\bin;D:\dev\Docker Toolbox;D:\dev\Fiddler;C:\Users\guxiang\AppData\Roaming\npm;D:\dev\Microsoft VS Code\bin;.]
2018-04-23 23:36:59.334 [ localhost-startStop-1 ] - [ INFO  ] [ o.a.c.core.ContainerBase.[Tomcat].[localhost].[/] : 180 ] - Initializing Spring embedded WebApplicationContext
2018-04-23 23:37:03.224 [ restartedMain ] - [ INFO  ] [ com.zaxxer.hikari.HikariDataSource : 110 ] - HikariPool-1 - Starting...
2018-04-23 23:37:03.468 [ restartedMain ] - [ INFO  ] [ com.zaxxer.hikari.HikariDataSource : 123 ] - HikariPool-1 - Start completed.
2018-04-23 23:37:03.516 [ restartedMain ] - [ INFO  ] [ org.quartz.impl.StdSchedulerFactory : 1208 ] - Using default implementation for ThreadExecutor
2018-04-23 23:37:03.528 [ restartedMain ] - [ INFO  ] [ org.quartz.core.SchedulerSignalerImpl : 61 ] - Initialized Scheduler Signaller of type: class org.quartz.core.SchedulerSignalerImpl
2018-04-23 23:37:03.529 [ restartedMain ] - [ INFO  ] [ org.quartz.core.QuartzScheduler : 229 ] - Quartz Scheduler v.2.3.0 created.
2018-04-23 23:37:03.530 [ restartedMain ] - [ INFO  ] [ org.quartz.simpl.RAMJobStore : 155 ] - RAMJobStore initialized.
2018-04-23 23:37:03.531 [ restartedMain ] - [ INFO  ] [ org.quartz.core.QuartzScheduler : 294 ] - Scheduler meta-data: Quartz Scheduler (v2.3.0) 'quartzScheduler' with instanceId 'NON_CLUSTERED'
  Scheduler class: 'org.quartz.core.QuartzScheduler' - running locally.
  NOT STARTED.
  Currently in standby mode.
  Number of jobs executed: 0
  Using thread pool 'org.quartz.simpl.SimpleThreadPool' - with 10 threads.
  Using job-store 'org.quartz.simpl.RAMJobStore' - which does not support persistence. and is not clustered.

2018-04-23 23:37:03.531 [ restartedMain ] - [ INFO  ] [ org.quartz.impl.StdSchedulerFactory : 1362 ] - Quartz scheduler 'quartzScheduler' initialized from an externally provided properties instance.
2018-04-23 23:37:03.531 [ restartedMain ] - [ INFO  ] [ org.quartz.impl.StdSchedulerFactory : 1366 ] - Quartz scheduler version: 2.3.0
2018-04-23 23:37:03.531 [ restartedMain ] - [ INFO  ] [ org.quartz.core.QuartzScheduler : 2287 ] - JobFactory set to: org.springframework.boot.autoconfigure.quartz.AutowireCapableBeanJobFactory@126b5122
2018-04-23 23:37:03.773 [ restartedMain ] - [ INFO  ] [ org.quartz.core.QuartzScheduler : 547 ] - Scheduler quartzScheduler_$_NON_CLUSTERED started.
2018-04-23 23:37:03.791 [ restartedMain ] - [ INFO  ] [ s.d.s.web.plugins.DocumentationPluginsBootstrapper : 80 ] - Context refreshed
2018-04-23 23:37:03.813 [ restartedMain ] - [ INFO  ] [ s.d.s.web.plugins.DocumentationPluginsBootstrapper : 83 ] - Found {0} custom documentation plugin(s)
2018-04-23 23:37:03.824 [ restartedMain ] - [ INFO  ] [ s.d.spring.web.scanners.ApiListingReferenceScanner : 53 ] - Scanning for api listing references
2018-04-23 23:37:03.827 [ restartedMain ] - [ INFO  ] [ s.d.s.web.ClassOrApiAnnotationResourceGrouping : 100 ] - Group for method getEveryoneWeeklyReport was front-controller
2018-04-23 23:37:03.830 [ restartedMain ] - [ INFO  ] [ s.d.spring.web.scanners.ApiListingReferenceScanner : 72 ] - Request mapping: getEveryoneWeeklyReport belongs to groups: [[ResourceGroup{groupName='front-controller', position=0, controller=com.running.coins.controller.FrontController}]] 
2018-04-23 23:37:03.831 [ restartedMain ] - [ INFO  ] [ s.d.s.web.ClassOrApiAnnotationResourceGrouping : 100 ] - Group for method userJoin was front-controller
2018-04-23 23:37:03.831 [ restartedMain ] - [ INFO  ] [ s.d.spring.web.scanners.ApiListingReferenceScanner : 72 ] - Request mapping: userJoin belongs to groups: [[ResourceGroup{groupName='front-controller', position=0, controller=com.running.coins.controller.FrontController}]] 
2018-04-23 23:37:03.832 [ restartedMain ] - [ INFO  ] [ s.d.s.web.ClassOrApiAnnotationResourceGrouping : 100 ] - Group for method getUserWeeklyReport was front-controller
2018-04-23 23:37:03.832 [ restartedMain ] - [ INFO  ] [ s.d.spring.web.scanners.ApiListingReferenceScanner : 72 ] - Request mapping: getUserWeeklyReport belongs to groups: [[ResourceGroup{groupName='front-controller', position=0, controller=com.running.coins.controller.FrontController}]] 
2018-04-23 23:37:03.832 [ restartedMain ] - [ INFO  ] [ s.d.s.web.ClassOrApiAnnotationResourceGrouping : 100 ] - Group for method submitRecord was running-controller
2018-04-23 23:37:03.832 [ restartedMain ] - [ INFO  ] [ s.d.spring.web.scanners.ApiListingReferenceScanner : 72 ] - Request mapping: submitRecord belongs to groups: [[ResourceGroup{groupName='running-controller', position=0, controller=com.running.coins.controller.RunningController}]] 
2018-04-23 23:37:03.833 [ restartedMain ] - [ INFO  ] [ s.d.s.web.ClassOrApiAnnotationResourceGrouping : 100 ] - Group for method submitTarget was running-controller
2018-04-23 23:37:03.833 [ restartedMain ] - [ INFO  ] [ s.d.spring.web.scanners.ApiListingReferenceScanner : 72 ] - Request mapping: submitTarget belongs to groups: [[ResourceGroup{groupName='running-controller', position=0, controller=com.running.coins.controller.RunningController}]] 
2018-04-23 23:37:03.833 [ restartedMain ] - [ INFO  ] [ s.d.s.web.ClassOrApiAnnotationResourceGrouping : 100 ] - Group for method vote was vote-controller
2018-04-23 23:37:03.834 [ restartedMain ] - [ INFO  ] [ s.d.spring.web.scanners.ApiListingReferenceScanner : 72 ] - Request mapping: vote belongs to groups: [[ResourceGroup{groupName='vote-controller', position=0, controller=com.running.coins.controller.VoteController}]] 
2018-04-23 23:37:03.839 [ restartedMain ] - [ INFO  ] [ s.d.spring.web.scanners.ApiListingReferenceScanner : 84 ] - Created resource listing Path: /default/vote-controller Description: vote-controller Position: 0
2018-04-23 23:37:03.840 [ restartedMain ] - [ INFO  ] [ s.d.spring.web.scanners.ApiListingReferenceScanner : 84 ] - Created resource listing Path: /default/front-controller Description: front-controller Position: 0
2018-04-23 23:37:03.840 [ restartedMain ] - [ INFO  ] [ s.d.spring.web.scanners.ApiListingReferenceScanner : 84 ] - Created resource listing Path: /default/running-controller Description: running-controller Position: 0
2018-04-23 23:37:03.861 [ restartedMain ] - [ INFO  ] [ s.documentation.schema.ModelContextKeyGenerator : 46 ] - Cache Key Generated: com.running.coins.model.request.WeeklyReportRequest(false)
2018-04-23 23:37:03.861 [ restartedMain ] - [ INFO  ] [ s.documentation.spring.web.caching.CachingAspect : 79 ] - Caching aspect applied for cache models with key com.running.coins.model.request.WeeklyReportRequest(false)
2018-04-23 23:37:03.866 [ restartedMain ] - [ INFO  ] [ s.d.schema.property.ModelPropertiesKeyGenerator : 48 ] - Cache key generated: com.running.coins.model.request.WeeklyReportRequest(false)
2018-04-23 23:37:03.866 [ restartedMain ] - [ INFO  ] [ s.documentation.spring.web.caching.CachingAspect : 68 ] - Caching aspect applied for cache modelProperties with key com.running.coins.model.request.WeeklyReportRequest(false)
2018-04-23 23:37:03.895 [ restartedMain ] - [ INFO  ] [ s.documentation.schema.ModelContextKeyGenerator : 46 ] - Cache Key Generated: com.running.coins.model.request.WeeklyReportRequest(false)
2018-04-23 23:37:03.895 [ restartedMain ] - [ INFO  ] [ s.documentation.spring.web.caching.CachingAspect : 79 ] - Caching aspect applied for cache modelDependencies with key com.running.coins.model.request.WeeklyReportRequest(false)
2018-04-23 23:37:03.898 [ restartedMain ] - [ INFO  ] [ s.d.schema.property.ModelPropertiesKeyGenerator : 48 ] - Cache key generated: com.running.coins.model.request.WeeklyReportRequest(false)
2018-04-23 23:37:03.898 [ restartedMain ] - [ INFO  ] [ s.documentation.spring.web.caching.CachingAspect : 68 ] - Caching aspect applied for cache modelProperties with key com.running.coins.model.request.WeeklyReportRequest(false)
2018-04-23 23:37:03.900 [ restartedMain ] - [ INFO  ] [ s.documentation.schema.ModelContextKeyGenerator : 46 ] - Cache Key Generated: com.running.coins.model.response.ResponseMessage(true)
2018-04-23 23:37:03.900 [ restartedMain ] - [ INFO  ] [ s.documentation.spring.web.caching.CachingAspect : 79 ] - Caching aspect applied for cache models with key com.running.coins.model.response.ResponseMessage(true)
2018-04-23 23:37:03.900 [ restartedMain ] - [ INFO  ] [ s.d.schema.property.ModelPropertiesKeyGenerator : 48 ] - Cache key generated: com.running.coins.model.response.ResponseMessage(true)
2018-04-23 23:37:03.900 [ restartedMain ] - [ INFO  ] [ s.documentation.spring.web.caching.CachingAspect : 68 ] - Caching aspect applied for cache modelProperties with key com.running.coins.model.response.ResponseMessage(true)
2018-04-23 23:37:03.905 [ restartedMain ] - [ INFO  ] [ s.documentation.schema.ModelContextKeyGenerator : 46 ] - Cache Key Generated: com.running.coins.model.response.ResponseMessage(true)
2018-04-23 23:37:03.905 [ restartedMain ] - [ INFO  ] [ s.documentation.spring.web.caching.CachingAspect : 79 ] - Caching aspect applied for cache modelDependencies with key com.running.coins.model.response.ResponseMessage(true)
2018-04-23 23:37:03.905 [ restartedMain ] - [ INFO  ] [ s.d.schema.property.ModelPropertiesKeyGenerator : 48 ] - Cache key generated: com.running.coins.model.response.ResponseMessage(true)
2018-04-23 23:37:03.906 [ restartedMain ] - [ INFO  ] [ s.documentation.spring.web.caching.CachingAspect : 68 ] - Caching aspect applied for cache modelProperties with key com.running.coins.model.response.ResponseMessage(true)
2018-04-23 23:37:03.906 [ restartedMain ] - [ INFO  ] [ s.documentation.spring.web.OperationsKeyGenerator : 51 ] - Cache key generated: /front/everyone/weekly/report.com.running.coins.controller.FrontController.getEveryoneWeeklyReport.DefaultGenericTypeNamingStrategy
2018-04-23 23:37:03.907 [ restartedMain ] - [ INFO  ] [ s.documentation.spring.web.caching.CachingAspect : 68 ] - Caching aspect applied for cache operations with key /front/everyone/weekly/report.com.running.coins.controller.FrontController.getEveryoneWeeklyReport.DefaultGenericTypeNamingStrategy
2018-04-23 23:37:03.919 [ restartedMain ] - [ INFO  ] [ s.d.s.web.ClassOrApiAnnotationResourceGrouping : 100 ] - Group for method getEveryoneWeeklyReport was front-controller
2018-04-23 23:37:03.929 [ restartedMain ] - [ INFO  ] [ s.d.s.web.ClassOrApiAnnotationResourceGrouping : 100 ] - Group for method getEveryoneWeeklyReport was front-controller
2018-04-23 23:37:03.937 [ restartedMain ] - [ INFO  ] [ s.documentation.schema.ModelContextKeyGenerator : 46 ] - Cache Key Generated: com.running.coins.model.request.CurrentUserWeeklyReportRequest(false)
2018-04-23 23:37:03.937 [ restartedMain ] - [ INFO  ] [ s.documentation.spring.web.caching.CachingAspect : 79 ] - Caching aspect applied for cache models with key com.running.coins.model.request.CurrentUserWeeklyReportRequest(false)
2018-04-23 23:37:03.937 [ restartedMain ] - [ INFO  ] [ s.d.schema.property.ModelPropertiesKeyGenerator : 48 ] - Cache key generated: com.running.coins.model.request.CurrentUserWeeklyReportRequest(false)
2018-04-23 23:37:03.937 [ restartedMain ] - [ INFO  ] [ s.documentation.spring.web.caching.CachingAspect : 68 ] - Caching aspect applied for cache modelProperties with key com.running.coins.model.request.CurrentUserWeeklyReportRequest(false)
2018-04-23 23:37:03.938 [ restartedMain ] - [ INFO  ] [ s.documentation.schema.ModelContextKeyGenerator : 46 ] - Cache Key Generated: com.running.coins.model.request.CurrentUserWeeklyReportRequest(false)
2018-04-23 23:37:03.939 [ restartedMain ] - [ INFO  ] [ s.documentation.spring.web.caching.CachingAspect : 79 ] - Caching aspect applied for cache modelDependencies with key com.running.coins.model.request.CurrentUserWeeklyReportRequest(false)
2018-04-23 23:37:03.939 [ restartedMain ] - [ INFO  ] [ s.d.schema.property.ModelPropertiesKeyGenerator : 48 ] - Cache key generated: com.running.coins.model.request.CurrentUserWeeklyReportRequest(false)
2018-04-23 23:37:03.939 [ restartedMain ] - [ INFO  ] [ s.documentation.spring.web.caching.CachingAspect : 68 ] - Caching aspect applied for cache modelProperties with key com.running.coins.model.request.CurrentUserWeeklyReportRequest(false)
2018-04-23 23:37:03.940 [ restartedMain ] - [ INFO  ] [ s.documentation.schema.ModelContextKeyGenerator : 46 ] - Cache Key Generated: com.running.coins.model.response.ResponseMessage(true)
2018-04-23 23:37:03.940 [ restartedMain ] - [ INFO  ] [ s.documentation.spring.web.caching.CachingAspect : 79 ] - Caching aspect applied for cache models with key com.running.coins.model.response.ResponseMessage(true)
2018-04-23 23:37:03.940 [ restartedMain ] - [ INFO  ] [ s.documentation.schema.ModelContextKeyGenerator : 46 ] - Cache Key Generated: com.running.coins.model.response.ResponseMessage(true)
2018-04-23 23:37:03.941 [ restartedMain ] - [ INFO  ] [ s.documentation.spring.web.caching.CachingAspect : 79 ] - Caching aspect applied for cache modelDependencies with key com.running.coins.model.response.ResponseMessage(true)
2018-04-23 23:37:03.941 [ restartedMain ] - [ INFO  ] [ s.documentation.spring.web.OperationsKeyGenerator : 51 ] - Cache key generated: /front/user/weekly/report.com.running.coins.controller.FrontController.getUserWeeklyReport.DefaultGenericTypeNamingStrategy
2018-04-23 23:37:03.941 [ restartedMain ] - [ INFO  ] [ s.documentation.spring.web.caching.CachingAspect : 68 ] - Caching aspect applied for cache operations with key /front/user/weekly/report.com.running.coins.controller.FrontController.getUserWeeklyReport.DefaultGenericTypeNamingStrategy
2018-04-23 23:37:03.942 [ restartedMain ] - [ INFO  ] [ s.d.s.web.ClassOrApiAnnotationResourceGrouping : 100 ] - Group for method getUserWeeklyReport was front-controller
2018-04-23 23:37:03.943 [ restartedMain ] - [ INFO  ] [ s.d.s.web.ClassOrApiAnnotationResourceGrouping : 100 ] - Group for method getUserWeeklyReport was front-controller
2018-04-23 23:37:03.945 [ restartedMain ] - [ INFO  ] [ s.documentation.schema.ModelContextKeyGenerator : 46 ] - Cache Key Generated: com.running.coins.model.request.UserJoinRequest(false)
2018-04-23 23:37:03.945 [ restartedMain ] - [ INFO  ] [ s.documentation.spring.web.caching.CachingAspect : 79 ] - Caching aspect applied for cache models with key com.running.coins.model.request.UserJoinRequest(false)
2018-04-23 23:37:03.945 [ restartedMain ] - [ INFO  ] [ s.d.schema.property.ModelPropertiesKeyGenerator : 48 ] - Cache key generated: com.running.coins.model.request.UserJoinRequest(false)
2018-04-23 23:37:03.945 [ restartedMain ] - [ INFO  ] [ s.documentation.spring.web.caching.CachingAspect : 68 ] - Caching aspect applied for cache modelProperties with key com.running.coins.model.request.UserJoinRequest(false)
2018-04-23 23:37:03.947 [ restartedMain ] - [ INFO  ] [ s.documentation.schema.ModelContextKeyGenerator : 46 ] - Cache Key Generated: com.running.coins.model.request.UserJoinRequest(false)
2018-04-23 23:37:03.947 [ restartedMain ] - [ INFO  ] [ s.documentation.spring.web.caching.CachingAspect : 79 ] - Caching aspect applied for cache modelDependencies with key com.running.coins.model.request.UserJoinRequest(false)
2018-04-23 23:37:03.947 [ restartedMain ] - [ INFO  ] [ s.d.schema.property.ModelPropertiesKeyGenerator : 48 ] - Cache key generated: com.running.coins.model.request.UserJoinRequest(false)
2018-04-23 23:37:03.947 [ restartedMain ] - [ INFO  ] [ s.documentation.spring.web.caching.CachingAspect : 68 ] - Caching aspect applied for cache modelProperties with key com.running.coins.model.request.UserJoinRequest(false)
2018-04-23 23:37:03.948 [ restartedMain ] - [ INFO  ] [ s.documentation.schema.ModelContextKeyGenerator : 46 ] - Cache Key Generated: com.running.coins.model.response.ResponseMessage(true)
2018-04-23 23:37:03.948 [ restartedMain ] - [ INFO  ] [ s.documentation.spring.web.caching.CachingAspect : 79 ] - Caching aspect applied for cache models with key com.running.coins.model.response.ResponseMessage(true)
2018-04-23 23:37:03.948 [ restartedMain ] - [ INFO  ] [ s.documentation.schema.ModelContextKeyGenerator : 46 ] - Cache Key Generated: com.running.coins.model.response.ResponseMessage(true)
2018-04-23 23:37:03.948 [ restartedMain ] - [ INFO  ] [ s.documentation.spring.web.caching.CachingAspect : 79 ] - Caching aspect applied for cache modelDependencies with key com.running.coins.model.response.ResponseMessage(true)
2018-04-23 23:37:03.949 [ restartedMain ] - [ INFO  ] [ s.documentation.spring.web.OperationsKeyGenerator : 51 ] - Cache key generated: /front/user/join.com.running.coins.controller.FrontController.userJoin.DefaultGenericTypeNamingStrategy
2018-04-23 23:37:03.949 [ restartedMain ] - [ INFO  ] [ s.documentation.spring.web.caching.CachingAspect : 68 ] - Caching aspect applied for cache operations with key /front/user/join.com.running.coins.controller.FrontController.userJoin.DefaultGenericTypeNamingStrategy
2018-04-23 23:37:03.950 [ restartedMain ] - [ INFO  ] [ s.d.s.web.ClassOrApiAnnotationResourceGrouping : 100 ] - Group for method userJoin was front-controller
2018-04-23 23:37:03.951 [ restartedMain ] - [ INFO  ] [ s.d.s.web.ClassOrApiAnnotationResourceGrouping : 100 ] - Group for method userJoin was front-controller
2018-04-23 23:37:03.956 [ restartedMain ] - [ INFO  ] [ s.documentation.schema.ModelContextKeyGenerator : 46 ] - Cache Key Generated: com.running.coins.model.request.SubmitUserSportRecordRequest(false)
2018-04-23 23:37:03.956 [ restartedMain ] - [ INFO  ] [ s.documentation.spring.web.caching.CachingAspect : 79 ] - Caching aspect applied for cache models with key com.running.coins.model.request.SubmitUserSportRecordRequest(false)
2018-04-23 23:37:03.957 [ restartedMain ] - [ INFO  ] [ s.d.schema.property.ModelPropertiesKeyGenerator : 48 ] - Cache key generated: com.running.coins.model.request.SubmitUserSportRecordRequest(false)
2018-04-23 23:37:03.957 [ restartedMain ] - [ INFO  ] [ s.documentation.spring.web.caching.CachingAspect : 68 ] - Caching aspect applied for cache modelProperties with key com.running.coins.model.request.SubmitUserSportRecordRequest(false)
2018-04-23 23:37:03.959 [ restartedMain ] - [ INFO  ] [ s.documentation.schema.ModelContextKeyGenerator : 46 ] - Cache Key Generated: com.running.coins.model.request.SubmitUserSportRecordRequest(false)
2018-04-23 23:37:03.959 [ restartedMain ] - [ INFO  ] [ s.documentation.spring.web.caching.CachingAspect : 79 ] - Caching aspect applied for cache modelDependencies with key com.running.coins.model.request.SubmitUserSportRecordRequest(false)
2018-04-23 23:37:03.959 [ restartedMain ] - [ INFO  ] [ s.d.schema.property.ModelPropertiesKeyGenerator : 48 ] - Cache key generated: com.running.coins.model.request.SubmitUserSportRecordRequest(false)
2018-04-23 23:37:03.960 [ restartedMain ] - [ INFO  ] [ s.documentation.spring.web.caching.CachingAspect : 68 ] - Caching aspect applied for cache modelProperties with key com.running.coins.model.request.SubmitUserSportRecordRequest(false)
2018-04-23 23:37:03.960 [ restartedMain ] - [ INFO  ] [ s.documentation.schema.ModelContextKeyGenerator : 46 ] - Cache Key Generated: com.running.coins.model.response.ResponseMessage(true)
2018-04-23 23:37:03.960 [ restartedMain ] - [ INFO  ] [ s.documentation.spring.web.caching.CachingAspect : 79 ] - Caching aspect applied for cache models with key com.running.coins.model.response.ResponseMessage(true)
2018-04-23 23:37:03.961 [ restartedMain ] - [ INFO  ] [ s.documentation.schema.ModelContextKeyGenerator : 46 ] - Cache Key Generated: com.running.coins.model.response.ResponseMessage(true)
2018-04-23 23:37:03.961 [ restartedMain ] - [ INFO  ] [ s.documentation.spring.web.caching.CachingAspect : 79 ] - Caching aspect applied for cache modelDependencies with key com.running.coins.model.response.ResponseMessage(true)
2018-04-23 23:37:03.961 [ restartedMain ] - [ INFO  ] [ s.documentation.spring.web.OperationsKeyGenerator : 51 ] - Cache key generated: /submit/sport/record.com.running.coins.controller.RunningController.submitRecord.DefaultGenericTypeNamingStrategy
2018-04-23 23:37:03.962 [ restartedMain ] - [ INFO  ] [ s.documentation.spring.web.caching.CachingAspect : 68 ] - Caching aspect applied for cache operations with key /submit/sport/record.com.running.coins.controller.RunningController.submitRecord.DefaultGenericTypeNamingStrategy
2018-04-23 23:37:03.963 [ restartedMain ] - [ INFO  ] [ s.d.s.web.ClassOrApiAnnotationResourceGrouping : 100 ] - Group for method submitRecord was running-controller
2018-04-23 23:37:03.964 [ restartedMain ] - [ INFO  ] [ s.d.s.web.ClassOrApiAnnotationResourceGrouping : 100 ] - Group for method submitRecord was running-controller
2018-04-23 23:37:03.965 [ restartedMain ] - [ INFO  ] [ s.documentation.schema.ModelContextKeyGenerator : 46 ] - Cache Key Generated: com.running.coins.model.request.SubmitUserSportTargetRequest(false)
2018-04-23 23:37:03.965 [ restartedMain ] - [ INFO  ] [ s.documentation.spring.web.caching.CachingAspect : 79 ] - Caching aspect applied for cache models with key com.running.coins.model.request.SubmitUserSportTargetRequest(false)
2018-04-23 23:37:03.965 [ restartedMain ] - [ INFO  ] [ s.d.schema.property.ModelPropertiesKeyGenerator : 48 ] - Cache key generated: com.running.coins.model.request.SubmitUserSportTargetRequest(false)
2018-04-23 23:37:03.965 [ restartedMain ] - [ INFO  ] [ s.documentation.spring.web.caching.CachingAspect : 68 ] - Caching aspect applied for cache modelProperties with key com.running.coins.model.request.SubmitUserSportTargetRequest(false)
2018-04-23 23:37:03.967 [ restartedMain ] - [ INFO  ] [ s.documentation.schema.ModelContextKeyGenerator : 46 ] - Cache Key Generated: com.running.coins.model.request.SubmitUserSportTargetRequest(false)
2018-04-23 23:37:03.967 [ restartedMain ] - [ INFO  ] [ s.documentation.spring.web.caching.CachingAspect : 79 ] - Caching aspect applied for cache modelDependencies with key com.running.coins.model.request.SubmitUserSportTargetRequest(false)
2018-04-23 23:37:03.967 [ restartedMain ] - [ INFO  ] [ s.d.schema.property.ModelPropertiesKeyGenerator : 48 ] - Cache key generated: com.running.coins.model.request.SubmitUserSportTargetRequest(false)
2018-04-23 23:37:03.968 [ restartedMain ] - [ INFO  ] [ s.documentation.spring.web.caching.CachingAspect : 68 ] - Caching aspect applied for cache modelProperties with key com.running.coins.model.request.SubmitUserSportTargetRequest(false)
2018-04-23 23:37:03.968 [ restartedMain ] - [ INFO  ] [ s.documentation.schema.ModelContextKeyGenerator : 46 ] - Cache Key Generated: com.running.coins.model.response.ResponseMessage(true)
2018-04-23 23:37:03.968 [ restartedMain ] - [ INFO  ] [ s.documentation.spring.web.caching.CachingAspect : 79 ] - Caching aspect applied for cache models with key com.running.coins.model.response.ResponseMessage(true)
2018-04-23 23:37:03.968 [ restartedMain ] - [ INFO  ] [ s.documentation.schema.ModelContextKeyGenerator : 46 ] - Cache Key Generated: com.running.coins.model.response.ResponseMessage(true)
2018-04-23 23:37:03.968 [ restartedMain ] - [ INFO  ] [ s.documentation.spring.web.caching.CachingAspect : 79 ] - Caching aspect applied for cache modelDependencies with key com.running.coins.model.response.ResponseMessage(true)
2018-04-23 23:37:03.969 [ restartedMain ] - [ INFO  ] [ s.documentation.spring.web.OperationsKeyGenerator : 51 ] - Cache key generated: /submit/sport/target.com.running.coins.controller.RunningController.submitTarget.DefaultGenericTypeNamingStrategy
2018-04-23 23:37:03.969 [ restartedMain ] - [ INFO  ] [ s.documentation.spring.web.caching.CachingAspect : 68 ] - Caching aspect applied for cache operations with key /submit/sport/target.com.running.coins.controller.RunningController.submitTarget.DefaultGenericTypeNamingStrategy
2018-04-23 23:37:03.970 [ restartedMain ] - [ INFO  ] [ s.d.s.web.ClassOrApiAnnotationResourceGrouping : 100 ] - Group for method submitTarget was running-controller
2018-04-23 23:37:03.971 [ restartedMain ] - [ INFO  ] [ s.d.s.web.ClassOrApiAnnotationResourceGrouping : 100 ] - Group for method submitTarget was running-controller
2018-04-23 23:37:03.972 [ restartedMain ] - [ INFO  ] [ s.documentation.schema.ModelContextKeyGenerator : 46 ] - Cache Key Generated: com.running.coins.model.response.ResponseMessage(true)
2018-04-23 23:37:03.972 [ restartedMain ] - [ INFO  ] [ s.documentation.spring.web.caching.CachingAspect : 79 ] - Caching aspect applied for cache models with key com.running.coins.model.response.ResponseMessage(true)
2018-04-23 23:37:03.972 [ restartedMain ] - [ INFO  ] [ s.documentation.schema.ModelContextKeyGenerator : 46 ] - Cache Key Generated: com.running.coins.model.response.ResponseMessage(true)
2018-04-23 23:37:03.972 [ restartedMain ] - [ INFO  ] [ s.documentation.spring.web.caching.CachingAspect : 79 ] - Caching aspect applied for cache modelDependencies with key com.running.coins.model.response.ResponseMessage(true)
2018-04-23 23:37:03.973 [ restartedMain ] - [ INFO  ] [ s.documentation.schema.ModelContextKeyGenerator : 46 ] - Cache Key Generated: com.running.coins.model.request.VoteRequest(false)
2018-04-23 23:37:03.973 [ restartedMain ] - [ INFO  ] [ s.documentation.spring.web.caching.CachingAspect : 79 ] - Caching aspect applied for cache models with key com.running.coins.model.request.VoteRequest(false)
2018-04-23 23:37:03.973 [ restartedMain ] - [ INFO  ] [ s.d.schema.property.ModelPropertiesKeyGenerator : 48 ] - Cache key generated: com.running.coins.model.request.VoteRequest(false)
2018-04-23 23:37:03.973 [ restartedMain ] - [ INFO  ] [ s.documentation.spring.web.caching.CachingAspect : 68 ] - Caching aspect applied for cache modelProperties with key com.running.coins.model.request.VoteRequest(false)
2018-04-23 23:37:03.975 [ restartedMain ] - [ INFO  ] [ s.documentation.schema.ModelContextKeyGenerator : 46 ] - Cache Key Generated: com.running.coins.model.request.VoteRequest(false)
2018-04-23 23:37:03.975 [ restartedMain ] - [ INFO  ] [ s.documentation.spring.web.caching.CachingAspect : 79 ] - Caching aspect applied for cache modelDependencies with key com.running.coins.model.request.VoteRequest(false)
2018-04-23 23:37:03.976 [ restartedMain ] - [ INFO  ] [ s.d.schema.property.ModelPropertiesKeyGenerator : 48 ] - Cache key generated: com.running.coins.model.request.VoteRequest(false)
2018-04-23 23:37:03.976 [ restartedMain ] - [ INFO  ] [ s.documentation.spring.web.caching.CachingAspect : 68 ] - Caching aspect applied for cache modelProperties with key com.running.coins.model.request.VoteRequest(false)
2018-04-23 23:37:03.976 [ restartedMain ] - [ INFO  ] [ s.documentation.spring.web.OperationsKeyGenerator : 51 ] - Cache key generated: /vote.com.running.coins.controller.VoteController.vote.DefaultGenericTypeNamingStrategy
2018-04-23 23:37:03.977 [ restartedMain ] - [ INFO  ] [ s.documentation.spring.web.caching.CachingAspect : 68 ] - Caching aspect applied for cache operations with key /vote.com.running.coins.controller.VoteController.vote.DefaultGenericTypeNamingStrategy
2018-04-23 23:37:03.980 [ restartedMain ] - [ INFO  ] [ s.d.s.web.ClassOrApiAnnotationResourceGrouping : 100 ] - Group for method vote was vote-controller
2018-04-23 23:37:03.982 [ restartedMain ] - [ INFO  ] [ s.d.s.web.ClassOrApiAnnotationResourceGrouping : 100 ] - Group for method vote was vote-controller
2018-04-23 23:37:03.999 [ restartedMain ] - [ INFO  ] [ org.apache.coyote.http11.Http11NioProtocol : 180 ] - Starting ProtocolHandler ["https-jsse-nio-443"]
2018-04-23 23:37:04.006 [ restartedMain ] - [ ERROR ] [ org.apache.catalina.core.StandardService : 182 ] - Failed to start connector [Connector[HTTP/1.1-443]]
org.apache.catalina.LifecycleException: Failed to start component [Connector[HTTP/1.1-443]]
	at org.apache.catalina.util.LifecycleBase.start(LifecycleBase.java:167)
	at org.apache.catalina.core.StandardService.addConnector(StandardService.java:225)
	at org.springframework.boot.web.embedded.tomcat.TomcatWebServer.addPreviouslyRemovedConnectors(TomcatWebServer.java:256)
	at org.springframework.boot.web.embedded.tomcat.TomcatWebServer.start(TomcatWebServer.java:198)
	at org.springframework.boot.web.servlet.context.ServletWebServerApplicationContext.startWebServer(ServletWebServerApplicationContext.java:300)
	at org.springframework.boot.web.servlet.context.ServletWebServerApplicationContext.finishRefresh(ServletWebServerApplicationContext.java:162)
	at org.springframework.context.support.AbstractApplicationContext.refresh(AbstractApplicationContext.java:553)
	at org.springframework.boot.web.servlet.context.ServletWebServerApplicationContext.refresh(ServletWebServerApplicationContext.java:140)
	at org.springframework.boot.SpringApplication.refresh(SpringApplication.java:759)
	at org.springframework.boot.SpringApplication.refreshContext(SpringApplication.java:395)
	at org.springframework.boot.SpringApplication.run(SpringApplication.java:327)
	at org.springframework.boot.SpringApplication.run(SpringApplication.java:1255)
	at org.springframework.boot.SpringApplication.run(SpringApplication.java:1243)
	at com.running.coins.RunningclubApplication.main(RunningclubApplication.java:12)
	at sun.reflect.NativeMethodAccessorImpl.invoke0(Native Method)
	at sun.reflect.NativeMethodAccessorImpl.invoke(NativeMethodAccessorImpl.java:62)
	at sun.reflect.DelegatingMethodAccessorImpl.invoke(DelegatingMethodAccessorImpl.java:43)
	at java.lang.reflect.Method.invoke(Method.java:498)
	at org.springframework.boot.devtools.restart.RestartLauncher.run(RestartLauncher.java:49)
Caused by: org.apache.catalina.LifecycleException: Protocol handler start failed
	at org.apache.catalina.connector.Connector.startInternal(Connector.java:1020)
	at org.apache.catalina.util.LifecycleBase.start(LifecycleBase.java:150)
	... 18 common frames omitted
Caused by: java.net.BindException: Address already in use: bind
	at sun.nio.ch.Net.bind0(Native Method)
	at sun.nio.ch.Net.bind(Net.java:433)
	at sun.nio.ch.Net.bind(Net.java:425)
	at sun.nio.ch.ServerSocketChannelImpl.bind(ServerSocketChannelImpl.java:223)
	at sun.nio.ch.ServerSocketAdaptor.bind(ServerSocketAdaptor.java:74)
	at org.apache.tomcat.util.net.NioEndpoint.bind(NioEndpoint.java:210)
	at org.apache.tomcat.util.net.AbstractEndpoint.start(AbstractEndpoint.java:1150)
	at org.apache.coyote.AbstractProtocol.start(AbstractProtocol.java:591)
	at org.apache.catalina.connector.Connector.startInternal(Connector.java:1018)
	... 19 common frames omitted
2018-04-23 23:37:04.012 [ restartedMain ] - [ INFO  ] [ org.apache.coyote.http11.Http11NioProtocol : 180 ] - Pausing ProtocolHandler ["https-jsse-nio-443"]
2018-04-23 23:37:04.013 [ restartedMain ] - [ INFO  ] [ org.apache.catalina.core.StandardService : 180 ] - Stopping service [Tomcat]
2018-04-23 23:37:04.025 [ restartedMain ] - [ INFO  ] [ org.apache.catalina.util.LifecycleBase : 180 ] - The stop() method was called on component [StandardServer[-1]] after stop() had already been called. The second call will be ignored.
2018-04-23 23:37:04.025 [ restartedMain ] - [ INFO  ] [ org.apache.coyote.http11.Http11NioProtocol : 180 ] - Stopping ProtocolHandler ["https-jsse-nio-443"]
2018-04-23 23:37:04.025 [ restartedMain ] - [ INFO  ] [ org.apache.coyote.http11.Http11NioProtocol : 180 ] - Destroying ProtocolHandler ["https-jsse-nio-443"]
2018-04-23 23:37:04.042 [ restartedMain ] - [ INFO  ] [ org.quartz.core.QuartzScheduler : 585 ] - Scheduler quartzScheduler_$_NON_CLUSTERED paused.
2018-04-23 23:37:04.045 [ restartedMain ] - [ INFO  ] [ org.quartz.core.QuartzScheduler : 666 ] - Scheduler quartzScheduler_$_NON_CLUSTERED shutting down.
2018-04-23 23:37:04.045 [ restartedMain ] - [ INFO  ] [ org.quartz.core.QuartzScheduler : 585 ] - Scheduler quartzScheduler_$_NON_CLUSTERED paused.
2018-04-23 23:37:04.045 [ restartedMain ] - [ INFO  ] [ org.quartz.core.QuartzScheduler : 740 ] - Scheduler quartzScheduler_$_NON_CLUSTERED shutdown complete.
2018-04-23 23:37:04.066 [ restartedMain ] - [ INFO  ] [ com.zaxxer.hikari.HikariDataSource : 381 ] - HikariPool-1 - Shutdown initiated...
2018-04-23 23:37:04.075 [ restartedMain ] - [ INFO  ] [ com.zaxxer.hikari.HikariDataSource : 383 ] - HikariPool-1 - Shutdown completed.
2018-04-23 23:39:24.688 [ restartedMain ] - [ INFO  ] [ com.running.coins.RunningclubApplication : 50 ] - Starting RunningclubApplication on DESKTOP-0G0JL5H with PID 2424 (D:\IntellijIDEAWorkSpace\runningcoin\running_coin\backend\target\classes started by guxiang in D:\IntellijIDEAWorkSpace\runningcoin\running_coin\backend)
2018-04-23 23:39:24.690 [ restartedMain ] - [ INFO  ] [ com.running.coins.RunningclubApplication : 659 ] - No active profile set, falling back to default profiles: default
2018-04-23 23:39:27.305 [ restartedMain ] - [ INFO  ] [ org.apache.coyote.http11.Http11NioProtocol : 180 ] - Initializing ProtocolHandler ["https-jsse-nio-443"]
2018-04-23 23:39:27.317 [ restartedMain ] - [ INFO  ] [ org.apache.catalina.core.StandardService : 180 ] - Starting service [Tomcat]
2018-04-23 23:39:27.318 [ restartedMain ] - [ INFO  ] [ org.apache.catalina.core.StandardEngine : 180 ] - Starting Servlet Engine: Apache Tomcat/8.5.29
2018-04-23 23:39:27.321 [ localhost-startStop-1 ] - [ INFO  ] [ org.apache.catalina.core.AprLifecycleListener : 180 ] - The APR based Apache Tomcat Native library which allows optimal performance in production environments was not found on the java.library.path: [C:\Program Files\Java\jdk1.8.0_144\bin;C:\Windows\Sun\Java\bin;C:\Windows\system32;C:\Windows;D:\dev\oracle\product\10.2.0\client_1\bin;C:\Program Files\Docker\Docker\Resources\bin;C:\Windows\system32;C:\Windows;C:\Windows\System32\Wbem;C:\Windows\System32\WindowsPowerShell\v1.0\;D:\st;C:\Program Files\Java\jdk1.8.0_144\bin;D:\serversoftware\apache-maven-3.3.9-bin\apache-maven-3.3.9\bin;C:\Program Files (x86)\MySQL\MySQL Server 5.5\bin;D:\serversoftware\node-v4.8.4-win-x64;C:\Program Files (x86)\NVIDIA Corporation\PhysX\Common;C:\Program Files\MySQL\MySQL Utilities 1.6\;C:\Program Files\MySQL\MySQL Server 5.7\bin;C:\Users\guxiang\AppData\Roaming\npm;C:\Program Files (x86)\Microsoft SQL Server\100\Tools\Binn\;C:\Program Files\Microsoft SQL Server\100\Tools\Binn\;C:\Program Files\Microsoft SQL Server\100\DTS\Binn\;C:\Program Files (x86)\Microsoft SQL Server\100\Tools\Binn\VSShell\Common7\IDE\;C:\Program Files (x86)\Microsoft Visual Studio 9.0\Common7\IDE\PrivateAssemblies\;C:\Program Files (x86)\Microsoft SQL Server\100\DTS\Binn\;D:\PostgreSQL\pg95\bin;D:\serversoftware\gradle4.2\gradle-4.2-rc-2\bin;D:\serversoftware\mongodb-win32-x86_64-2.4.3\bin;D:\dev\Docker Toolbox;D:\serversoftware\Python27;D:\dev\Rational\common;D:\dev\Yarn\bin;C:\Program Files\Java\jdk1.8.0_144\bin;C:\ProgramData\Oracle\Java\javapath;D:\dev\Git\cmd;D:\serversoftware\Python27\Scripts;D:\dev\opencvdev\opencv3.2\opencv\build\bin;D:\dev\CMake\bin;C:\Users\guxiang\Downloads\Compressed\STOP_jump_win;D:\serversoftware\Anaconda3;D:\serversoftware\Anaconda3\Scripts;D:\serversoftware\Python35;C:\ProgramData\chocolatey\bin;D:\dev\nodejs\;D:\dev\oracle\product\10.2.0\client_1\;C:\Users\guxiang\AppData\Local\Microsoft\WindowsApps;C:\Users\guxiang\AppData\Local\Programs\Fiddler;C:\Users\guxiang\AppData\Local\Yarn\bin;D:\dev\Docker Toolbox;D:\dev\Fiddler;C:\Users\guxiang\AppData\Roaming\npm;D:\dev\Microsoft VS Code\bin;.]
2018-04-23 23:39:27.423 [ localhost-startStop-1 ] - [ INFO  ] [ o.a.c.core.ContainerBase.[Tomcat].[localhost].[/] : 180 ] - Initializing Spring embedded WebApplicationContext
2018-04-23 23:39:30.104 [ restartedMain ] - [ INFO  ] [ com.zaxxer.hikari.HikariDataSource : 110 ] - HikariPool-1 - Starting...
2018-04-23 23:39:30.278 [ restartedMain ] - [ INFO  ] [ com.zaxxer.hikari.HikariDataSource : 123 ] - HikariPool-1 - Start completed.
2018-04-23 23:39:30.330 [ restartedMain ] - [ INFO  ] [ org.quartz.impl.StdSchedulerFactory : 1208 ] - Using default implementation for ThreadExecutor
2018-04-23 23:39:30.341 [ restartedMain ] - [ INFO  ] [ org.quartz.core.SchedulerSignalerImpl : 61 ] - Initialized Scheduler Signaller of type: class org.quartz.core.SchedulerSignalerImpl
2018-04-23 23:39:30.341 [ restartedMain ] - [ INFO  ] [ org.quartz.core.QuartzScheduler : 229 ] - Quartz Scheduler v.2.3.0 created.
2018-04-23 23:39:30.342 [ restartedMain ] - [ INFO  ] [ org.quartz.simpl.RAMJobStore : 155 ] - RAMJobStore initialized.
2018-04-23 23:39:30.342 [ restartedMain ] - [ INFO  ] [ org.quartz.core.QuartzScheduler : 294 ] - Scheduler meta-data: Quartz Scheduler (v2.3.0) 'quartzScheduler' with instanceId 'NON_CLUSTERED'
  Scheduler class: 'org.quartz.core.QuartzScheduler' - running locally.
  NOT STARTED.
  Currently in standby mode.
  Number of jobs executed: 0
  Using thread pool 'org.quartz.simpl.SimpleThreadPool' - with 10 threads.
  Using job-store 'org.quartz.simpl.RAMJobStore' - which does not support persistence. and is not clustered.

2018-04-23 23:39:30.343 [ restartedMain ] - [ INFO  ] [ org.quartz.impl.StdSchedulerFactory : 1362 ] - Quartz scheduler 'quartzScheduler' initialized from an externally provided properties instance.
2018-04-23 23:39:30.344 [ restartedMain ] - [ INFO  ] [ org.quartz.impl.StdSchedulerFactory : 1366 ] - Quartz scheduler version: 2.3.0
2018-04-23 23:39:30.345 [ restartedMain ] - [ INFO  ] [ org.quartz.core.QuartzScheduler : 2287 ] - JobFactory set to: org.springframework.boot.autoconfigure.quartz.AutowireCapableBeanJobFactory@47083515
2018-04-23 23:39:30.561 [ restartedMain ] - [ INFO  ] [ org.quartz.core.QuartzScheduler : 547 ] - Scheduler quartzScheduler_$_NON_CLUSTERED started.
2018-04-23 23:39:30.581 [ restartedMain ] - [ INFO  ] [ s.d.s.web.plugins.DocumentationPluginsBootstrapper : 80 ] - Context refreshed
2018-04-23 23:39:30.603 [ restartedMain ] - [ INFO  ] [ s.d.s.web.plugins.DocumentationPluginsBootstrapper : 83 ] - Found {0} custom documentation plugin(s)
2018-04-23 23:39:30.613 [ restartedMain ] - [ INFO  ] [ s.d.spring.web.scanners.ApiListingReferenceScanner : 53 ] - Scanning for api listing references
2018-04-23 23:39:30.617 [ restartedMain ] - [ INFO  ] [ s.d.s.web.ClassOrApiAnnotationResourceGrouping : 100 ] - Group for method getEveryoneWeeklyReport was front-controller
2018-04-23 23:39:30.619 [ restartedMain ] - [ INFO  ] [ s.d.spring.web.scanners.ApiListingReferenceScanner : 72 ] - Request mapping: getEveryoneWeeklyReport belongs to groups: [[ResourceGroup{groupName='front-controller', position=0, controller=com.running.coins.controller.FrontController}]] 
2018-04-23 23:39:30.620 [ restartedMain ] - [ INFO  ] [ s.d.s.web.ClassOrApiAnnotationResourceGrouping : 100 ] - Group for method userJoin was front-controller
2018-04-23 23:39:30.621 [ restartedMain ] - [ INFO  ] [ s.d.spring.web.scanners.ApiListingReferenceScanner : 72 ] - Request mapping: userJoin belongs to groups: [[ResourceGroup{groupName='front-controller', position=0, controller=com.running.coins.controller.FrontController}]] 
2018-04-23 23:39:30.621 [ restartedMain ] - [ INFO  ] [ s.d.s.web.ClassOrApiAnnotationResourceGrouping : 100 ] - Group for method getUserWeeklyReport was front-controller
2018-04-23 23:39:30.621 [ restartedMain ] - [ INFO  ] [ s.d.spring.web.scanners.ApiListingReferenceScanner : 72 ] - Request mapping: getUserWeeklyReport belongs to groups: [[ResourceGroup{groupName='front-controller', position=0, controller=com.running.coins.controller.FrontController}]] 
2018-04-23 23:39:30.622 [ restartedMain ] - [ INFO  ] [ s.d.s.web.ClassOrApiAnnotationResourceGrouping : 100 ] - Group for method submitRecord was running-controller
2018-04-23 23:39:30.622 [ restartedMain ] - [ INFO  ] [ s.d.spring.web.scanners.ApiListingReferenceScanner : 72 ] - Request mapping: submitRecord belongs to groups: [[ResourceGroup{groupName='running-controller', position=0, controller=com.running.coins.controller.RunningController}]] 
2018-04-23 23:39:30.622 [ restartedMain ] - [ INFO  ] [ s.d.s.web.ClassOrApiAnnotationResourceGrouping : 100 ] - Group for method submitTarget was running-controller
2018-04-23 23:39:30.622 [ restartedMain ] - [ INFO  ] [ s.d.spring.web.scanners.ApiListingReferenceScanner : 72 ] - Request mapping: submitTarget belongs to groups: [[ResourceGroup{groupName='running-controller', position=0, controller=com.running.coins.controller.RunningController}]] 
2018-04-23 23:39:30.623 [ restartedMain ] - [ INFO  ] [ s.d.s.web.ClassOrApiAnnotationResourceGrouping : 100 ] - Group for method vote was vote-controller
2018-04-23 23:39:30.623 [ restartedMain ] - [ INFO  ] [ s.d.spring.web.scanners.ApiListingReferenceScanner : 72 ] - Request mapping: vote belongs to groups: [[ResourceGroup{groupName='vote-controller', position=0, controller=com.running.coins.controller.VoteController}]] 
2018-04-23 23:39:30.626 [ restartedMain ] - [ INFO  ] [ s.d.spring.web.scanners.ApiListingReferenceScanner : 84 ] - Created resource listing Path: /default/front-controller Description: front-controller Position: 0
2018-04-23 23:39:30.628 [ restartedMain ] - [ INFO  ] [ s.d.spring.web.scanners.ApiListingReferenceScanner : 84 ] - Created resource listing Path: /default/vote-controller Description: vote-controller Position: 0
2018-04-23 23:39:30.629 [ restartedMain ] - [ INFO  ] [ s.d.spring.web.scanners.ApiListingReferenceScanner : 84 ] - Created resource listing Path: /default/running-controller Description: running-controller Position: 0
2018-04-23 23:39:30.651 [ restartedMain ] - [ INFO  ] [ s.documentation.schema.ModelContextKeyGenerator : 46 ] - Cache Key Generated: com.running.coins.model.request.WeeklyReportRequest(false)
2018-04-23 23:39:30.651 [ restartedMain ] - [ INFO  ] [ s.documentation.spring.web.caching.CachingAspect : 79 ] - Caching aspect applied for cache models with key com.running.coins.model.request.WeeklyReportRequest(false)
2018-04-23 23:39:30.656 [ restartedMain ] - [ INFO  ] [ s.d.schema.property.ModelPropertiesKeyGenerator : 48 ] - Cache key generated: com.running.coins.model.request.WeeklyReportRequest(false)
2018-04-23 23:39:30.656 [ restartedMain ] - [ INFO  ] [ s.documentation.spring.web.caching.CachingAspect : 68 ] - Caching aspect applied for cache modelProperties with key com.running.coins.model.request.WeeklyReportRequest(false)
2018-04-23 23:39:30.686 [ restartedMain ] - [ INFO  ] [ s.documentation.schema.ModelContextKeyGenerator : 46 ] - Cache Key Generated: com.running.coins.model.request.WeeklyReportRequest(false)
2018-04-23 23:39:30.686 [ restartedMain ] - [ INFO  ] [ s.documentation.spring.web.caching.CachingAspect : 79 ] - Caching aspect applied for cache modelDependencies with key com.running.coins.model.request.WeeklyReportRequest(false)
2018-04-23 23:39:30.688 [ restartedMain ] - [ INFO  ] [ s.d.schema.property.ModelPropertiesKeyGenerator : 48 ] - Cache key generated: com.running.coins.model.request.WeeklyReportRequest(false)
2018-04-23 23:39:30.689 [ restartedMain ] - [ INFO  ] [ s.documentation.spring.web.caching.CachingAspect : 68 ] - Caching aspect applied for cache modelProperties with key com.running.coins.model.request.WeeklyReportRequest(false)
2018-04-23 23:39:30.690 [ restartedMain ] - [ INFO  ] [ s.documentation.schema.ModelContextKeyGenerator : 46 ] - Cache Key Generated: com.running.coins.model.response.ResponseMessage(true)
2018-04-23 23:39:30.690 [ restartedMain ] - [ INFO  ] [ s.documentation.spring.web.caching.CachingAspect : 79 ] - Caching aspect applied for cache models with key com.running.coins.model.response.ResponseMessage(true)
2018-04-23 23:39:30.691 [ restartedMain ] - [ INFO  ] [ s.d.schema.property.ModelPropertiesKeyGenerator : 48 ] - Cache key generated: com.running.coins.model.response.ResponseMessage(true)
2018-04-23 23:39:30.691 [ restartedMain ] - [ INFO  ] [ s.documentation.spring.web.caching.CachingAspect : 68 ] - Caching aspect applied for cache modelProperties with key com.running.coins.model.response.ResponseMessage(true)
2018-04-23 23:39:30.696 [ restartedMain ] - [ INFO  ] [ s.documentation.schema.ModelContextKeyGenerator : 46 ] - Cache Key Generated: com.running.coins.model.response.ResponseMessage(true)
2018-04-23 23:39:30.697 [ restartedMain ] - [ INFO  ] [ s.documentation.spring.web.caching.CachingAspect : 79 ] - Caching aspect applied for cache modelDependencies with key com.running.coins.model.response.ResponseMessage(true)
2018-04-23 23:39:30.697 [ restartedMain ] - [ INFO  ] [ s.d.schema.property.ModelPropertiesKeyGenerator : 48 ] - Cache key generated: com.running.coins.model.response.ResponseMessage(true)
2018-04-23 23:39:30.697 [ restartedMain ] - [ INFO  ] [ s.documentation.spring.web.caching.CachingAspect : 68 ] - Caching aspect applied for cache modelProperties with key com.running.coins.model.response.ResponseMessage(true)
2018-04-23 23:39:30.698 [ restartedMain ] - [ INFO  ] [ s.documentation.spring.web.OperationsKeyGenerator : 51 ] - Cache key generated: /front/everyone/weekly/report.com.running.coins.controller.FrontController.getEveryoneWeeklyReport.DefaultGenericTypeNamingStrategy
2018-04-23 23:39:30.699 [ restartedMain ] - [ INFO  ] [ s.documentation.spring.web.caching.CachingAspect : 68 ] - Caching aspect applied for cache operations with key /front/everyone/weekly/report.com.running.coins.controller.FrontController.getEveryoneWeeklyReport.DefaultGenericTypeNamingStrategy
2018-04-23 23:39:30.714 [ restartedMain ] - [ INFO  ] [ s.d.s.web.ClassOrApiAnnotationResourceGrouping : 100 ] - Group for method getEveryoneWeeklyReport was front-controller
2018-04-23 23:39:30.726 [ restartedMain ] - [ INFO  ] [ s.d.s.web.ClassOrApiAnnotationResourceGrouping : 100 ] - Group for method getEveryoneWeeklyReport was front-controller
2018-04-23 23:39:30.734 [ restartedMain ] - [ INFO  ] [ s.documentation.schema.ModelContextKeyGenerator : 46 ] - Cache Key Generated: com.running.coins.model.request.CurrentUserWeeklyReportRequest(false)
2018-04-23 23:39:30.735 [ restartedMain ] - [ INFO  ] [ s.documentation.spring.web.caching.CachingAspect : 79 ] - Caching aspect applied for cache models with key com.running.coins.model.request.CurrentUserWeeklyReportRequest(false)
2018-04-23 23:39:30.735 [ restartedMain ] - [ INFO  ] [ s.d.schema.property.ModelPropertiesKeyGenerator : 48 ] - Cache key generated: com.running.coins.model.request.CurrentUserWeeklyReportRequest(false)
2018-04-23 23:39:30.735 [ restartedMain ] - [ INFO  ] [ s.documentation.spring.web.caching.CachingAspect : 68 ] - Caching aspect applied for cache modelProperties with key com.running.coins.model.request.CurrentUserWeeklyReportRequest(false)
2018-04-23 23:39:30.737 [ restartedMain ] - [ INFO  ] [ s.documentation.schema.ModelContextKeyGenerator : 46 ] - Cache Key Generated: com.running.coins.model.request.CurrentUserWeeklyReportRequest(false)
2018-04-23 23:39:30.737 [ restartedMain ] - [ INFO  ] [ s.documentation.spring.web.caching.CachingAspect : 79 ] - Caching aspect applied for cache modelDependencies with key com.running.coins.model.request.CurrentUserWeeklyReportRequest(false)
2018-04-23 23:39:30.738 [ restartedMain ] - [ INFO  ] [ s.d.schema.property.ModelPropertiesKeyGenerator : 48 ] - Cache key generated: com.running.coins.model.request.CurrentUserWeeklyReportRequest(false)
2018-04-23 23:39:30.738 [ restartedMain ] - [ INFO  ] [ s.documentation.spring.web.caching.CachingAspect : 68 ] - Caching aspect applied for cache modelProperties with key com.running.coins.model.request.CurrentUserWeeklyReportRequest(false)
2018-04-23 23:39:30.739 [ restartedMain ] - [ INFO  ] [ s.documentation.schema.ModelContextKeyGenerator : 46 ] - Cache Key Generated: com.running.coins.model.response.ResponseMessage(true)
2018-04-23 23:39:30.739 [ restartedMain ] - [ INFO  ] [ s.documentation.spring.web.caching.CachingAspect : 79 ] - Caching aspect applied for cache models with key com.running.coins.model.response.ResponseMessage(true)
2018-04-23 23:39:30.739 [ restartedMain ] - [ INFO  ] [ s.documentation.schema.ModelContextKeyGenerator : 46 ] - Cache Key Generated: com.running.coins.model.response.ResponseMessage(true)
2018-04-23 23:39:30.739 [ restartedMain ] - [ INFO  ] [ s.documentation.spring.web.caching.CachingAspect : 79 ] - Caching aspect applied for cache modelDependencies with key com.running.coins.model.response.ResponseMessage(true)
2018-04-23 23:39:30.740 [ restartedMain ] - [ INFO  ] [ s.documentation.spring.web.OperationsKeyGenerator : 51 ] - Cache key generated: /front/user/weekly/report.com.running.coins.controller.FrontController.getUserWeeklyReport.DefaultGenericTypeNamingStrategy
2018-04-23 23:39:30.740 [ restartedMain ] - [ INFO  ] [ s.documentation.spring.web.caching.CachingAspect : 68 ] - Caching aspect applied for cache operations with key /front/user/weekly/report.com.running.coins.controller.FrontController.getUserWeeklyReport.DefaultGenericTypeNamingStrategy
2018-04-23 23:39:30.742 [ restartedMain ] - [ INFO  ] [ s.d.s.web.ClassOrApiAnnotationResourceGrouping : 100 ] - Group for method getUserWeeklyReport was front-controller
2018-04-23 23:39:30.743 [ restartedMain ] - [ INFO  ] [ s.d.s.web.ClassOrApiAnnotationResourceGrouping : 100 ] - Group for method getUserWeeklyReport was front-controller
2018-04-23 23:39:30.745 [ restartedMain ] - [ INFO  ] [ s.documentation.schema.ModelContextKeyGenerator : 46 ] - Cache Key Generated: com.running.coins.model.request.UserJoinRequest(false)
2018-04-23 23:39:30.745 [ restartedMain ] - [ INFO  ] [ s.documentation.spring.web.caching.CachingAspect : 79 ] - Caching aspect applied for cache models with key com.running.coins.model.request.UserJoinRequest(false)
2018-04-23 23:39:30.746 [ restartedMain ] - [ INFO  ] [ s.d.schema.property.ModelPropertiesKeyGenerator : 48 ] - Cache key generated: com.running.coins.model.request.UserJoinRequest(false)
2018-04-23 23:39:30.746 [ restartedMain ] - [ INFO  ] [ s.documentation.spring.web.caching.CachingAspect : 68 ] - Caching aspect applied for cache modelProperties with key com.running.coins.model.request.UserJoinRequest(false)
2018-04-23 23:39:30.748 [ restartedMain ] - [ INFO  ] [ s.documentation.schema.ModelContextKeyGenerator : 46 ] - Cache Key Generated: com.running.coins.model.request.UserJoinRequest(false)
2018-04-23 23:39:30.748 [ restartedMain ] - [ INFO  ] [ s.documentation.spring.web.caching.CachingAspect : 79 ] - Caching aspect applied for cache modelDependencies with key com.running.coins.model.request.UserJoinRequest(false)
2018-04-23 23:39:30.748 [ restartedMain ] - [ INFO  ] [ s.d.schema.property.ModelPropertiesKeyGenerator : 48 ] - Cache key generated: com.running.coins.model.request.UserJoinRequest(false)
2018-04-23 23:39:30.748 [ restartedMain ] - [ INFO  ] [ s.documentation.spring.web.caching.CachingAspect : 68 ] - Caching aspect applied for cache modelProperties with key com.running.coins.model.request.UserJoinRequest(false)
2018-04-23 23:39:30.749 [ restartedMain ] - [ INFO  ] [ s.documentation.schema.ModelContextKeyGenerator : 46 ] - Cache Key Generated: com.running.coins.model.response.ResponseMessage(true)
2018-04-23 23:39:30.749 [ restartedMain ] - [ INFO  ] [ s.documentation.spring.web.caching.CachingAspect : 79 ] - Caching aspect applied for cache models with key com.running.coins.model.response.ResponseMessage(true)
2018-04-23 23:39:30.749 [ restartedMain ] - [ INFO  ] [ s.documentation.schema.ModelContextKeyGenerator : 46 ] - Cache Key Generated: com.running.coins.model.response.ResponseMessage(true)
2018-04-23 23:39:30.750 [ restartedMain ] - [ INFO  ] [ s.documentation.spring.web.caching.CachingAspect : 79 ] - Caching aspect applied for cache modelDependencies with key com.running.coins.model.response.ResponseMessage(true)
2018-04-23 23:39:30.750 [ restartedMain ] - [ INFO  ] [ s.documentation.spring.web.OperationsKeyGenerator : 51 ] - Cache key generated: /front/user/join.com.running.coins.controller.FrontController.userJoin.DefaultGenericTypeNamingStrategy
2018-04-23 23:39:30.750 [ restartedMain ] - [ INFO  ] [ s.documentation.spring.web.caching.CachingAspect : 68 ] - Caching aspect applied for cache operations with key /front/user/join.com.running.coins.controller.FrontController.userJoin.DefaultGenericTypeNamingStrategy
2018-04-23 23:39:30.752 [ restartedMain ] - [ INFO  ] [ s.d.s.web.ClassOrApiAnnotationResourceGrouping : 100 ] - Group for method userJoin was front-controller
2018-04-23 23:39:30.753 [ restartedMain ] - [ INFO  ] [ s.d.s.web.ClassOrApiAnnotationResourceGrouping : 100 ] - Group for method userJoin was front-controller
2018-04-23 23:39:30.759 [ restartedMain ] - [ INFO  ] [ s.documentation.schema.ModelContextKeyGenerator : 46 ] - Cache Key Generated: com.running.coins.model.request.SubmitUserSportRecordRequest(false)
2018-04-23 23:39:30.760 [ restartedMain ] - [ INFO  ] [ s.documentation.spring.web.caching.CachingAspect : 79 ] - Caching aspect applied for cache models with key com.running.coins.model.request.SubmitUserSportRecordRequest(false)
2018-04-23 23:39:30.760 [ restartedMain ] - [ INFO  ] [ s.d.schema.property.ModelPropertiesKeyGenerator : 48 ] - Cache key generated: com.running.coins.model.request.SubmitUserSportRecordRequest(false)
2018-04-23 23:39:30.761 [ restartedMain ] - [ INFO  ] [ s.documentation.spring.web.caching.CachingAspect : 68 ] - Caching aspect applied for cache modelProperties with key com.running.coins.model.request.SubmitUserSportRecordRequest(false)
2018-04-23 23:39:30.762 [ restartedMain ] - [ INFO  ] [ s.documentation.schema.ModelContextKeyGenerator : 46 ] - Cache Key Generated: com.running.coins.model.request.SubmitUserSportRecordRequest(false)
2018-04-23 23:39:30.763 [ restartedMain ] - [ INFO  ] [ s.documentation.spring.web.caching.CachingAspect : 79 ] - Caching aspect applied for cache modelDependencies with key com.running.coins.model.request.SubmitUserSportRecordRequest(false)
2018-04-23 23:39:30.763 [ restartedMain ] - [ INFO  ] [ s.d.schema.property.ModelPropertiesKeyGenerator : 48 ] - Cache key generated: com.running.coins.model.request.SubmitUserSportRecordRequest(false)
2018-04-23 23:39:30.763 [ restartedMain ] - [ INFO  ] [ s.documentation.spring.web.caching.CachingAspect : 68 ] - Caching aspect applied for cache modelProperties with key com.running.coins.model.request.SubmitUserSportRecordRequest(false)
2018-04-23 23:39:30.764 [ restartedMain ] - [ INFO  ] [ s.documentation.schema.ModelContextKeyGenerator : 46 ] - Cache Key Generated: com.running.coins.model.response.ResponseMessage(true)
2018-04-23 23:39:30.764 [ restartedMain ] - [ INFO  ] [ s.documentation.spring.web.caching.CachingAspect : 79 ] - Caching aspect applied for cache models with key com.running.coins.model.response.ResponseMessage(true)
2018-04-23 23:39:30.764 [ restartedMain ] - [ INFO  ] [ s.documentation.schema.ModelContextKeyGenerator : 46 ] - Cache Key Generated: com.running.coins.model.response.ResponseMessage(true)
2018-04-23 23:39:30.765 [ restartedMain ] - [ INFO  ] [ s.documentation.spring.web.caching.CachingAspect : 79 ] - Caching aspect applied for cache modelDependencies with key com.running.coins.model.response.ResponseMessage(true)
2018-04-23 23:39:30.765 [ restartedMain ] - [ INFO  ] [ s.documentation.spring.web.OperationsKeyGenerator : 51 ] - Cache key generated: /submit/sport/record.com.running.coins.controller.RunningController.submitRecord.DefaultGenericTypeNamingStrategy
2018-04-23 23:39:30.765 [ restartedMain ] - [ INFO  ] [ s.documentation.spring.web.caching.CachingAspect : 68 ] - Caching aspect applied for cache operations with key /submit/sport/record.com.running.coins.controller.RunningController.submitRecord.DefaultGenericTypeNamingStrategy
2018-04-23 23:39:30.767 [ restartedMain ] - [ INFO  ] [ s.d.s.web.ClassOrApiAnnotationResourceGrouping : 100 ] - Group for method submitRecord was running-controller
2018-04-23 23:39:30.768 [ restartedMain ] - [ INFO  ] [ s.d.s.web.ClassOrApiAnnotationResourceGrouping : 100 ] - Group for method submitRecord was running-controller
2018-04-23 23:39:30.769 [ restartedMain ] - [ INFO  ] [ s.documentation.schema.ModelContextKeyGenerator : 46 ] - Cache Key Generated: com.running.coins.model.request.SubmitUserSportTargetRequest(false)
2018-04-23 23:39:30.770 [ restartedMain ] - [ INFO  ] [ s.documentation.spring.web.caching.CachingAspect : 79 ] - Caching aspect applied for cache models with key com.running.coins.model.request.SubmitUserSportTargetRequest(false)
2018-04-23 23:39:30.771 [ restartedMain ] - [ INFO  ] [ s.d.schema.property.ModelPropertiesKeyGenerator : 48 ] - Cache key generated: com.running.coins.model.request.SubmitUserSportTargetRequest(false)
2018-04-23 23:39:30.771 [ restartedMain ] - [ INFO  ] [ s.documentation.spring.web.caching.CachingAspect : 68 ] - Caching aspect applied for cache modelProperties with key com.running.coins.model.request.SubmitUserSportTargetRequest(false)
2018-04-23 23:39:30.772 [ restartedMain ] - [ INFO  ] [ s.documentation.schema.ModelContextKeyGenerator : 46 ] - Cache Key Generated: com.running.coins.model.request.SubmitUserSportTargetRequest(false)
2018-04-23 23:39:30.773 [ restartedMain ] - [ INFO  ] [ s.documentation.spring.web.caching.CachingAspect : 79 ] - Caching aspect applied for cache modelDependencies with key com.running.coins.model.request.SubmitUserSportTargetRequest(false)
2018-04-23 23:39:30.773 [ restartedMain ] - [ INFO  ] [ s.d.schema.property.ModelPropertiesKeyGenerator : 48 ] - Cache key generated: com.running.coins.model.request.SubmitUserSportTargetRequest(false)
2018-04-23 23:39:30.774 [ restartedMain ] - [ INFO  ] [ s.documentation.spring.web.caching.CachingAspect : 68 ] - Caching aspect applied for cache modelProperties with key com.running.coins.model.request.SubmitUserSportTargetRequest(false)
2018-04-23 23:39:30.774 [ restartedMain ] - [ INFO  ] [ s.documentation.schema.ModelContextKeyGenerator : 46 ] - Cache Key Generated: com.running.coins.model.response.ResponseMessage(true)
2018-04-23 23:39:30.774 [ restartedMain ] - [ INFO  ] [ s.documentation.spring.web.caching.CachingAspect : 79 ] - Caching aspect applied for cache models with key com.running.coins.model.response.ResponseMessage(true)
2018-04-23 23:39:30.774 [ restartedMain ] - [ INFO  ] [ s.documentation.schema.ModelContextKeyGenerator : 46 ] - Cache Key Generated: com.running.coins.model.response.ResponseMessage(true)
2018-04-23 23:39:30.775 [ restartedMain ] - [ INFO  ] [ s.documentation.spring.web.caching.CachingAspect : 79 ] - Caching aspect applied for cache modelDependencies with key com.running.coins.model.response.ResponseMessage(true)
2018-04-23 23:39:30.775 [ restartedMain ] - [ INFO  ] [ s.documentation.spring.web.OperationsKeyGenerator : 51 ] - Cache key generated: /submit/sport/target.com.running.coins.controller.RunningController.submitTarget.DefaultGenericTypeNamingStrategy
2018-04-23 23:39:30.777 [ restartedMain ] - [ INFO  ] [ s.documentation.spring.web.caching.CachingAspect : 68 ] - Caching aspect applied for cache operations with key /submit/sport/target.com.running.coins.controller.RunningController.submitTarget.DefaultGenericTypeNamingStrategy
2018-04-23 23:39:30.780 [ restartedMain ] - [ INFO  ] [ s.d.s.web.ClassOrApiAnnotationResourceGrouping : 100 ] - Group for method submitTarget was running-controller
2018-04-23 23:39:30.781 [ restartedMain ] - [ INFO  ] [ s.d.s.web.ClassOrApiAnnotationResourceGrouping : 100 ] - Group for method submitTarget was running-controller
2018-04-23 23:39:30.783 [ restartedMain ] - [ INFO  ] [ s.documentation.schema.ModelContextKeyGenerator : 46 ] - Cache Key Generated: com.running.coins.model.response.ResponseMessage(true)
2018-04-23 23:39:30.783 [ restartedMain ] - [ INFO  ] [ s.documentation.spring.web.caching.CachingAspect : 79 ] - Caching aspect applied for cache models with key com.running.coins.model.response.ResponseMessage(true)
2018-04-23 23:39:30.784 [ restartedMain ] - [ INFO  ] [ s.documentation.schema.ModelContextKeyGenerator : 46 ] - Cache Key Generated: com.running.coins.model.response.ResponseMessage(true)
2018-04-23 23:39:30.784 [ restartedMain ] - [ INFO  ] [ s.documentation.spring.web.caching.CachingAspect : 79 ] - Caching aspect applied for cache modelDependencies with key com.running.coins.model.response.ResponseMessage(true)
2018-04-23 23:39:30.784 [ restartedMain ] - [ INFO  ] [ s.documentation.schema.ModelContextKeyGenerator : 46 ] - Cache Key Generated: com.running.coins.model.request.VoteRequest(false)
2018-04-23 23:39:30.785 [ restartedMain ] - [ INFO  ] [ s.documentation.spring.web.caching.CachingAspect : 79 ] - Caching aspect applied for cache models with key com.running.coins.model.request.VoteRequest(false)
2018-04-23 23:39:30.785 [ restartedMain ] - [ INFO  ] [ s.d.schema.property.ModelPropertiesKeyGenerator : 48 ] - Cache key generated: com.running.coins.model.request.VoteRequest(false)
2018-04-23 23:39:30.785 [ restartedMain ] - [ INFO  ] [ s.documentation.spring.web.caching.CachingAspect : 68 ] - Caching aspect applied for cache modelProperties with key com.running.coins.model.request.VoteRequest(false)
2018-04-23 23:39:30.790 [ restartedMain ] - [ INFO  ] [ s.documentation.schema.ModelContextKeyGenerator : 46 ] - Cache Key Generated: com.running.coins.model.request.VoteRequest(false)
2018-04-23 23:39:30.791 [ restartedMain ] - [ INFO  ] [ s.documentation.spring.web.caching.CachingAspect : 79 ] - Caching aspect applied for cache modelDependencies with key com.running.coins.model.request.VoteRequest(false)
2018-04-23 23:39:30.792 [ restartedMain ] - [ INFO  ] [ s.d.schema.property.ModelPropertiesKeyGenerator : 48 ] - Cache key generated: com.running.coins.model.request.VoteRequest(false)
2018-04-23 23:39:30.792 [ restartedMain ] - [ INFO  ] [ s.documentation.spring.web.caching.CachingAspect : 68 ] - Caching aspect applied for cache modelProperties with key com.running.coins.model.request.VoteRequest(false)
2018-04-23 23:39:30.794 [ restartedMain ] - [ INFO  ] [ s.documentation.spring.web.OperationsKeyGenerator : 51 ] - Cache key generated: /vote.com.running.coins.controller.VoteController.vote.DefaultGenericTypeNamingStrategy
2018-04-23 23:39:30.795 [ restartedMain ] - [ INFO  ] [ s.documentation.spring.web.caching.CachingAspect : 68 ] - Caching aspect applied for cache operations with key /vote.com.running.coins.controller.VoteController.vote.DefaultGenericTypeNamingStrategy
2018-04-23 23:39:30.797 [ restartedMain ] - [ INFO  ] [ s.d.s.web.ClassOrApiAnnotationResourceGrouping : 100 ] - Group for method vote was vote-controller
2018-04-23 23:39:30.798 [ restartedMain ] - [ INFO  ] [ s.d.s.web.ClassOrApiAnnotationResourceGrouping : 100 ] - Group for method vote was vote-controller
2018-04-23 23:39:30.812 [ restartedMain ] - [ INFO  ] [ org.apache.coyote.http11.Http11NioProtocol : 180 ] - Starting ProtocolHandler ["https-jsse-nio-443"]
2018-04-23 23:39:31.378 [ restartedMain ] - [ INFO  ] [ org.apache.tomcat.util.net.NioSelectorPool : 180 ] - Using a shared selector for servlet write/read
2018-04-23 23:39:31.404 [ restartedMain ] - [ INFO  ] [ com.running.coins.RunningclubApplication : 59 ] - Started RunningclubApplication in 7.365 seconds (JVM running for 8.903)
2018-04-23 23:40:16.779 [ https-jsse-nio-443-exec-4 ] - [ INFO  ] [ o.a.c.core.ContainerBase.[Tomcat].[localhost].[/] : 180 ] - Initializing Spring FrameworkServlet 'dispatcherServlet'
2018-04-23 23:41:17.653 [ https-jsse-nio-443-exec-5 ] - [ INFO  ] [ org.apache.tomcat.util.http.parser.Cookie : 180 ] - A cookie header was received [1524498019; Hm_lpvt_ba7c84ce230944c13900faeba642b2b4=1524498019] that contained an invalid cookie. That cookie will be ignored.Note: further occurrences of this error will be logged at DEBUG level.
2018-04-23 23:46:48.711 [ https-jsse-nio-443-exec-3 ] - [ ERROR ] [ com.running.coins.service.FrontServices : 83 ] - nested exception is org.apache.ibatis.binding.BindingException: Parameter 'userGroupId' not found. Available parameters are [arg2, arg1, arg0, param3, param1, param2]
org.mybatis.spring.MyBatisSystemException: nested exception is org.apache.ibatis.binding.BindingException: Parameter 'userGroupId' not found. Available parameters are [arg2, arg1, arg0, param3, param1, param2]
	at org.mybatis.spring.MyBatisExceptionTranslator.translateExceptionIfPossible(MyBatisExceptionTranslator.java:77)
	at org.mybatis.spring.SqlSessionTemplate$SqlSessionInterceptor.invoke(SqlSessionTemplate.java:446)
	at com.sun.proxy.$Proxy100.selectList(Unknown Source)
	at org.mybatis.spring.SqlSessionTemplate.selectList(SqlSessionTemplate.java:230)
	at org.apache.ibatis.binding.MapperMethod.executeForMany(MapperMethod.java:139)
	at org.apache.ibatis.binding.MapperMethod.execute(MapperMethod.java:76)
	at org.apache.ibatis.binding.MapperProxy.invoke(MapperProxy.java:59)
	at com.sun.proxy.$Proxy117.selectByUserGroupIdAndTimeRange(Unknown Source)
	at sun.reflect.NativeMethodAccessorImpl.invoke0(Native Method)
	at sun.reflect.NativeMethodAccessorImpl.invoke(NativeMethodAccessorImpl.java:62)
	at sun.reflect.DelegatingMethodAccessorImpl.invoke(DelegatingMethodAccessorImpl.java:43)
	at java.lang.reflect.Method.invoke(Method.java:498)
	at org.springframework.aop.support.AopUtils.invokeJoinpointUsingReflection(AopUtils.java:344)
	at org.springframework.aop.framework.ReflectiveMethodInvocation.invokeJoinpoint(ReflectiveMethodInvocation.java:197)
	at org.springframework.aop.framework.ReflectiveMethodInvocation.proceed(ReflectiveMethodInvocation.java:163)
	at org.springframework.dao.support.PersistenceExceptionTranslationInterceptor.invoke(PersistenceExceptionTranslationInterceptor.java:139)
	at org.springframework.aop.framework.ReflectiveMethodInvocation.proceed(ReflectiveMethodInvocation.java:185)
	at org.springframework.aop.framework.JdkDynamicAopProxy.invoke(JdkDynamicAopProxy.java:212)
	at com.sun.proxy.$Proxy118.selectByUserGroupIdAndTimeRange(Unknown Source)
	at com.running.coins.service.FrontServices.setUserJoinResponse(FrontServices.java:190)
	at com.running.coins.service.FrontServices.userJoin(FrontServices.java:77)
	at com.running.coins.controller.FrontController.userJoin(FrontController.java:38)
	at sun.reflect.NativeMethodAccessorImpl.invoke0(Native Method)
	at sun.reflect.NativeMethodAccessorImpl.invoke(NativeMethodAccessorImpl.java:62)
	at sun.reflect.DelegatingMethodAccessorImpl.invoke(DelegatingMethodAccessorImpl.java:43)
	at java.lang.reflect.Method.invoke(Method.java:498)
	at org.springframework.web.method.support.InvocableHandlerMethod.doInvoke(InvocableHandlerMethod.java:209)
	at org.springframework.web.method.support.InvocableHandlerMethod.invokeForRequest(InvocableHandlerMethod.java:136)
	at org.springframework.web.servlet.mvc.method.annotation.ServletInvocableHandlerMethod.invokeAndHandle(ServletInvocableHandlerMethod.java:102)
	at org.springframework.web.servlet.mvc.method.annotation.RequestMappingHandlerAdapter.invokeHandlerMethod(RequestMappingHandlerAdapter.java:877)
	at org.springframework.web.servlet.mvc.method.annotation.RequestMappingHandlerAdapter.handleInternal(RequestMappingHandlerAdapter.java:783)
	at org.springframework.web.servlet.mvc.method.AbstractHandlerMethodAdapter.handle(AbstractHandlerMethodAdapter.java:87)
	at org.springframework.web.servlet.DispatcherServlet.doDispatch(DispatcherServlet.java:991)
	at org.springframework.web.servlet.DispatcherServlet.doService(DispatcherServlet.java:925)
	at org.springframework.web.servlet.FrameworkServlet.processRequest(FrameworkServlet.java:974)
	at org.springframework.web.servlet.FrameworkServlet.doPost(FrameworkServlet.java:877)
	at javax.servlet.http.HttpServlet.service(HttpServlet.java:661)
	at org.springframework.web.servlet.FrameworkServlet.service(FrameworkServlet.java:851)
	at javax.servlet.http.HttpServlet.service(HttpServlet.java:742)
	at org.apache.catalina.core.ApplicationFilterChain.internalDoFilter(ApplicationFilterChain.java:231)
	at org.apache.catalina.core.ApplicationFilterChain.doFilter(ApplicationFilterChain.java:166)
	at org.apache.tomcat.websocket.server.WsFilter.doFilter(WsFilter.java:52)
	at org.apache.catalina.core.ApplicationFilterChain.internalDoFilter(ApplicationFilterChain.java:193)
	at org.apache.catalina.core.ApplicationFilterChain.doFilter(ApplicationFilterChain.java:166)
	at org.springframework.web.filter.RequestContextFilter.doFilterInternal(RequestContextFilter.java:99)
	at org.springframework.web.filter.OncePerRequestFilter.doFilter(OncePerRequestFilter.java:107)
	at org.apache.catalina.core.ApplicationFilterChain.internalDoFilter(ApplicationFilterChain.java:193)
	at org.apache.catalina.core.ApplicationFilterChain.doFilter(ApplicationFilterChain.java:166)
	at org.springframework.web.filter.HttpPutFormContentFilter.doFilterInternal(HttpPutFormContentFilter.java:109)
	at org.springframework.web.filter.OncePerRequestFilter.doFilter(OncePerRequestFilter.java:107)
	at org.apache.catalina.core.ApplicationFilterChain.internalDoFilter(ApplicationFilterChain.java:193)
	at org.apache.catalina.core.ApplicationFilterChain.doFilter(ApplicationFilterChain.java:166)
	at org.springframework.web.filter.HiddenHttpMethodFilter.doFilterInternal(HiddenHttpMethodFilter.java:81)
	at org.springframework.web.filter.OncePerRequestFilter.doFilter(OncePerRequestFilter.java:107)
	at org.apache.catalina.core.ApplicationFilterChain.internalDoFilter(ApplicationFilterChain.java:193)
	at org.apache.catalina.core.ApplicationFilterChain.doFilter(ApplicationFilterChain.java:166)
	at org.springframework.web.filter.CharacterEncodingFilter.doFilterInternal(CharacterEncodingFilter.java:200)
	at org.springframework.web.filter.OncePerRequestFilter.doFilter(OncePerRequestFilter.java:107)
	at org.apache.catalina.core.ApplicationFilterChain.internalDoFilter(ApplicationFilterChain.java:193)
	at org.apache.catalina.core.ApplicationFilterChain.doFilter(ApplicationFilterChain.java:166)
	at org.apache.catalina.core.StandardWrapperValve.invoke(StandardWrapperValve.java:198)
	at org.apache.catalina.core.StandardContextValve.invoke(StandardContextValve.java:96)
	at org.apache.catalina.authenticator.AuthenticatorBase.invoke(AuthenticatorBase.java:496)
	at org.apache.catalina.core.StandardHostValve.invoke(StandardHostValve.java:140)
	at org.apache.catalina.valves.ErrorReportValve.invoke(ErrorReportValve.java:81)
	at org.apache.catalina.core.StandardEngineValve.invoke(StandardEngineValve.java:87)
	at org.apache.catalina.connector.CoyoteAdapter.service(CoyoteAdapter.java:342)
	at org.apache.coyote.http11.Http11Processor.service(Http11Processor.java:803)
	at org.apache.coyote.AbstractProcessorLight.process(AbstractProcessorLight.java:66)
	at org.apache.coyote.AbstractProtocol$ConnectionHandler.process(AbstractProtocol.java:790)
	at org.apache.tomcat.util.net.NioEndpoint$SocketProcessor.doRun(NioEndpoint.java:1459)
	at org.apache.tomcat.util.net.SocketProcessorBase.run(SocketProcessorBase.java:49)
	at java.util.concurrent.ThreadPoolExecutor.runWorker(ThreadPoolExecutor.java:1149)
	at java.util.concurrent.ThreadPoolExecutor$Worker.run(ThreadPoolExecutor.java:624)
	at org.apache.tomcat.util.threads.TaskThread$WrappingRunnable.run(TaskThread.java:61)
	at java.lang.Thread.run(Thread.java:748)
Caused by: org.apache.ibatis.binding.BindingException: Parameter 'userGroupId' not found. Available parameters are [arg2, arg1, arg0, param3, param1, param2]
	at org.apache.ibatis.binding.MapperMethod$ParamMap.get(MapperMethod.java:204)
	at org.apache.ibatis.reflection.wrapper.MapWrapper.get(MapWrapper.java:45)
	at org.apache.ibatis.reflection.MetaObject.getValue(MetaObject.java:122)
	at org.apache.ibatis.executor.BaseExecutor.createCacheKey(BaseExecutor.java:219)
	at org.apache.ibatis.executor.CachingExecutor.createCacheKey(CachingExecutor.java:146)
	at org.apache.ibatis.executor.CachingExecutor.query(CachingExecutor.java:82)
	at org.apache.ibatis.session.defaults.DefaultSqlSession.selectList(DefaultSqlSession.java:148)
	at org.apache.ibatis.session.defaults.DefaultSqlSession.selectList(DefaultSqlSession.java:141)
	at sun.reflect.NativeMethodAccessorImpl.invoke0(Native Method)
	at sun.reflect.NativeMethodAccessorImpl.invoke(NativeMethodAccessorImpl.java:62)
	at sun.reflect.DelegatingMethodAccessorImpl.invoke(DelegatingMethodAccessorImpl.java:43)
	at java.lang.reflect.Method.invoke(Method.java:498)
	at org.mybatis.spring.SqlSessionTemplate$SqlSessionInterceptor.invoke(SqlSessionTemplate.java:433)
	... 74 common frames omitted
